{"total": {"lines":{"total":39,"covered":30,"skipped":0,"pct":76.92},"statements":{"total":44,"covered":31,"skipped":0,"pct":70.45},"functions":{"total":14,"covered":11,"skipped":0,"pct":78.57},"branches":{"total":33,"covered":26,"skipped":0,"pct":78.78},"branchesTrue":{"total":0,"covered":0,"skipped":0,"pct":"Unknown"}}
,"/home/jesse/Documents/github/npm-swipl-wasm/dist/index.js": {"lines":{"total":19,"covered":18,"skipped":0,"pct":94.73},"functions":{"total":11,"covered":9,"skipped":0,"pct":81.81},"statements":{"total":24,"covered":19,"skipped":0,"pct":79.16},"branches":{"total":18,"covered":16,"skipped":0,"pct":88.88}}
,"/home/jesse/Documents/github/npm-swipl-wasm/dist/locateFile-browser.js": {"lines":{"total":8,"covered":0,"skipped":0,"pct":0},"functions":{"total":1,"covered":0,"skipped":0,"pct":0},"statements":{"total":8,"covered":0,"skipped":0,"pct":0},"branches":{"total":4,"covered":0,"skipped":0,"pct":0}}
,"/home/jesse/Documents/github/npm-swipl-wasm/dist/locateFile.js": {"lines":{"total":12,"covered":12,"skipped":0,"pct":100},"functions":{"total":2,"covered":2,"skipped":0,"pct":100},"statements":{"total":12,"covered":12,"skipped":0,"pct":100},"branches":{"total":11,"covered":10,"skipped":0,"pct":90.9}}
}
