{"total": {"lines":{"total":44,"covered":39,"skipped":0,"pct":88.63},"statements":{"total":3917,"covered":1708,"skipped":0,"pct":43.6},"functions":{"total":754,"covered":257,"skipped":0,"pct":34.08},"branches":{"total":1807,"covered":558,"skipped":0,"pct":30.87},"branchesTrue":{"total":0,"covered":0,"skipped":0,"pct":100}}
,"/home/jesse/Documents/github/npm-swipl-wasm/dist/index.js": {"lines":{"total":19,"covered":18,"skipped":0,"pct":94.73},"functions":{"total":11,"covered":9,"skipped":0,"pct":81.81},"statements":{"total":24,"covered":19,"skipped":0,"pct":79.16},"branches":{"total":18,"covered":16,"skipped":0,"pct":88.88}}
,"/home/jesse/Documents/github/npm-swipl-wasm/dist/locateFile.js": {"lines":{"total":12,"covered":12,"skipped":0,"pct":100},"functions":{"total":2,"covered":2,"skipped":0,"pct":100},"statements":{"total":12,"covered":12,"skipped":0,"pct":100},"branches":{"total":11,"covered":10,"skipped":0,"pct":90.9}}
,"/home/jesse/Documents/github/npm-swipl-wasm/dist/swipl/swipl.js": {"lines":{"total":13,"covered":9,"skipped":0,"pct":69.23},"functions":{"total":741,"covered":246,"skipped":0,"pct":33.19},"statements":{"total":3881,"covered":1677,"skipped":0,"pct":43.21},"branches":{"total":1778,"covered":532,"skipped":0,"pct":29.92}}
}
