TN:
SF:dist/index.js
FN:2,(anonymous_0)
FN:3,adopt
FN:3,(anonymous_2)
FN:4,(anonymous_3)
FN:5,fulfilled
FN:6,rejected
FN:7,step
FN:11,(anonymous_7)
FN:18,SWIPLIsomorphic
FN:27,query
FN:28,(anonymous_10)
FNF:11
FNH:9
FNDA:1,(anonymous_0)
FNDA:1,adopt
FNDA:0,(anonymous_2)
FNDA:1,(anonymous_3)
FNDA:1,fulfilled
FNDA:0,rejected
FNDA:2,step
FNDA:2,(anonymous_7)
FNDA:5,SWIPLIsomorphic
FNDA:1,query
FNDA:1,(anonymous_10)
DA:2,2
DA:3,1
DA:4,1
DA:5,1
DA:6,0
DA:7,2
DA:8,1
DA:11,2
DA:12,2
DA:14,2
DA:15,2
DA:16,2
DA:17,2
DA:19,5
DA:21,2
DA:28,1
DA:29,1
DA:31,1
DA:34,2
LF:19
LH:18
BRDA:2,0,0,2
BRDA:2,0,1,2
BRDA:2,0,2,2
BRDA:3,1,0,1
BRDA:3,1,1,0
BRDA:4,2,0,1
BRDA:4,2,1,1
BRDA:7,3,0,1
BRDA:7,3,1,1
BRDA:8,4,0,1
BRDA:8,4,1,1
BRDA:11,5,0,2
BRDA:11,5,1,2
BRDA:11,5,2,2
BRDA:12,6,0,0
BRDA:12,6,1,2
BRDA:12,7,0,2
BRDA:12,7,1,2
BRF:18
BRH:16
end_of_record
TN:
SF:dist/locateFile.js
FN:2,(anonymous_0)
FN:11,locateFile
FNF:2
FNH:2
FNDA:2,(anonymous_0)
FNDA:12,locateFile
DA:2,2
DA:3,2
DA:5,2
DA:6,2
DA:7,2
DA:10,2
DA:13,12
DA:14,6
DA:16,6
DA:17,5
DA:19,1
DA:21,2
LF:12
LH:12
BRDA:2,0,0,2
BRDA:2,0,1,2
BRDA:2,0,2,2
BRDA:3,1,0,0
BRDA:3,1,1,2
BRDA:3,2,0,2
BRDA:3,2,1,2
BRDA:13,3,0,6
BRDA:13,3,1,6
BRDA:16,4,0,5
BRDA:16,4,1,1
BRF:11
BRH:10
end_of_record
TN:
SF:dist/swipl/swipl.js
FN:2,(anonymous_0)
FN:6,(anonymous_1)
FN:9,(anonymous_2)
FN:9,(anonymous_3)
FN:9,(anonymous_4)
FN:9,fetchRemotePackage
FN:9,(anonymous_6)
FN:9,(anonymous_7)
FN:9,(anonymous_8)
FN:9,(anonymous_9)
FN:9,handleError
FN:9,(anonymous_11)
FN:9,runWithFS
FN:9,assert
FN:9,DataRequest
FN:9,(anonymous_15)
FN:9,(anonymous_16)
FN:9,(anonymous_17)
FN:9,(anonymous_18)
FN:9,processPackageData
FN:9,(anonymous_20)
FN:9,locateFile
FN:9,logExceptionOnExit
FN:9,(anonymous_23)
FN:9,shell_read
FN:9,(anonymous_25)
FN:9,(anonymous_26)
FN:9,(anonymous_27)
FN:9,(anonymous_28)
FN:9,(anonymous_29)
FN:9,(anonymous_30)
FN:9,(anonymous_31)
FN:9,(anonymous_32)
FN:9,(anonymous_33)
FN:9,(anonymous_34)
FN:9,(anonymous_35)
FN:9,(anonymous_36)
FN:9,assert
FN:9,UTF8ArrayToString
FN:9,UTF8ToString
FN:9,stringToUTF8Array
FN:9,stringToUTF8
FN:9,lengthBytesUTF8
FN:9,updateGlobalBufferAndViews
FN:9,keepRuntimeAlive
FN:9,preRun
FN:9,initRuntime
FN:9,exitRuntime
FN:9,postRun
FN:9,addOnPreRun
FN:9,addOnInit
FN:9,addOnPostRun
FN:9,getUniqueRunDependency
FN:9,addRunDependency
FN:9,removeRunDependency
FN:9,abort
FN:9,isDataURI
FN:9,isFileURI
FN:9,getBinary
FN:9,getBinaryPromise
FN:9,(anonymous_60)
FN:9,(anonymous_61)
FN:9,(anonymous_62)
FN:9,(anonymous_63)
FN:9,(anonymous_64)
FN:9,createWasm
FN:9,receiveInstance
FN:9,receiveInstantiationResult
FN:9,instantiateArrayBuffer
FN:9,(anonymous_69)
FN:9,(anonymous_70)
FN:9,(anonymous_71)
FN:9,instantiateAsync
FN:9,(anonymous_73)
FN:9,(anonymous_74)
FN:9,(anonymous_75)
FN:9,(anonymous_76)
FN:9,ExitStatus
FN:9,callRuntimeCallbacks
FN:9,getValue
FN:9,setValue
FN:9,writeArrayToMemory
FN:9,getWasmTableEntry
FN:9,___call_sighandler
FN:9,(anonymous_84)
FN:9,(anonymous_85)
FN:9,(anonymous_86)
FN:9,(anonymous_87)
FN:9,(anonymous_88)
FN:9,(anonymous_89)
FN:9,(anonymous_90)
FN:9,(anonymous_91)
FN:9,(anonymous_92)
FN:9,getRandomDevice
FN:9,(anonymous_94)
FN:9,(anonymous_95)
FN:9,(anonymous_96)
FN:9,(anonymous_97)
FN:9,(anonymous_98)
FN:9,(anonymous_99)
FN:9,trim
FN:9,intArrayFromString
FN:9,(anonymous_102)
FN:9,(anonymous_103)
FN:9,(anonymous_104)
FN:9,(anonymous_105)
FN:9,(anonymous_106)
FN:9,(anonymous_107)
FN:9,(anonymous_108)
FN:9,(anonymous_109)
FN:9,(anonymous_110)
FN:9,(anonymous_111)
FN:9,(anonymous_112)
FN:9,(anonymous_113)
FN:9,(anonymous_114)
FN:9,zeroMemory
FN:9,alignMemory
FN:9,mmapAlloc
FN:9,(anonymous_118)
FN:9,(anonymous_119)
FN:9,(anonymous_120)
FN:9,(anonymous_121)
FN:9,(anonymous_122)
FN:9,(anonymous_123)
FN:9,(anonymous_124)
FN:9,(anonymous_125)
FN:9,(anonymous_126)
FN:9,(anonymous_127)
FN:9,(anonymous_128)
FN:9,(anonymous_129)
FN:9,(anonymous_130)
FN:9,(anonymous_131)
FN:9,(anonymous_132)
FN:9,(anonymous_133)
FN:9,(anonymous_134)
FN:9,(anonymous_135)
FN:9,(anonymous_136)
FN:9,(anonymous_137)
FN:9,(anonymous_138)
FN:9,asyncLoad
FN:9,(anonymous_140)
FN:9,(anonymous_141)
FN:9,(anonymous_142)
FN:9,(anonymous_143)
FN:9,(anonymous_144)
FN:9,(anonymous_145)
FN:9,(anonymous_146)
FN:9,(anonymous_147)
FN:9,(anonymous_148)
FN:9,(anonymous_149)
FN:9,(anonymous_150)
FN:9,(anonymous_151)
FN:9,(anonymous_152)
FN:9,(anonymous_153)
FN:9,(anonymous_154)
FN:9,(anonymous_155)
FN:9,(anonymous_156)
FN:9,(anonymous_157)
FN:9,(anonymous_158)
FN:9,(anonymous_159)
FN:9,(anonymous_160)
FN:9,(anonymous_161)
FN:9,(anonymous_162)
FN:9,(anonymous_163)
FN:9,(anonymous_164)
FN:9,(anonymous_165)
FN:9,(anonymous_166)
FN:9,(anonymous_167)
FN:9,(anonymous_168)
FN:9,(anonymous_169)
FN:9,(anonymous_170)
FN:9,(anonymous_171)
FN:9,(anonymous_172)
FN:9,(anonymous_173)
FN:9,(anonymous_174)
FN:9,(anonymous_175)
FN:9,(anonymous_176)
FN:9,(anonymous_177)
FN:9,(anonymous_178)
FN:9,(anonymous_179)
FN:9,(anonymous_180)
FN:9,(anonymous_181)
FN:9,(anonymous_182)
FN:9,(anonymous_183)
FN:9,(anonymous_184)
FN:9,(anonymous_185)
FN:9,(anonymous_186)
FN:9,(anonymous_187)
FN:9,(anonymous_188)
FN:9,(anonymous_189)
FN:9,doCallback
FN:9,done
FN:9,(anonymous_192)
FN:9,(anonymous_193)
FN:9,(anonymous_194)
FN:9,(anonymous_195)
FN:9,(anonymous_196)
FN:9,(anonymous_197)
FN:9,(anonymous_198)
FN:9,(anonymous_199)
FN:9,(anonymous_200)
FN:9,(anonymous_201)
FN:9,(anonymous_202)
FN:9,(anonymous_203)
FN:9,(anonymous_204)
FN:9,(anonymous_205)
FN:9,(anonymous_206)
FN:9,(anonymous_207)
FN:9,(anonymous_208)
FN:9,(anonymous_209)
FN:9,(anonymous_210)
FN:9,(anonymous_211)
FN:9,(anonymous_212)
FN:9,(anonymous_213)
FN:9,(anonymous_214)
FN:9,(anonymous_215)
FN:9,(anonymous_216)
FN:9,(anonymous_217)
FN:9,(anonymous_218)
FN:9,(anonymous_219)
FN:9,(anonymous_220)
FN:9,(anonymous_221)
FN:9,(anonymous_222)
FN:9,(anonymous_223)
FN:9,(anonymous_224)
FN:9,(anonymous_225)
FN:9,(anonymous_226)
FN:9,(anonymous_227)
FN:9,(anonymous_228)
FN:9,(anonymous_229)
FN:9,(anonymous_230)
FN:9,(anonymous_231)
FN:9,(anonymous_232)
FN:9,(anonymous_233)
FN:9,(anonymous_234)
FN:9,(anonymous_235)
FN:9,(anonymous_236)
FN:9,(anonymous_237)
FN:9,(anonymous_238)
FN:9,(anonymous_239)
FN:9,(anonymous_240)
FN:9,(anonymous_241)
FN:9,(anonymous_242)
FN:9,(anonymous_243)
FN:9,ErrnoError
FN:9,(anonymous_245)
FN:9,(anonymous_246)
FN:9,(anonymous_247)
FN:9,(anonymous_248)
FN:9,(anonymous_249)
FN:9,(anonymous_250)
FN:9,(anonymous_251)
FN:9,(anonymous_252)
FN:9,(anonymous_253)
FN:9,(anonymous_254)
FN:9,(anonymous_255)
FN:9,(anonymous_256)
FN:9,(anonymous_257)
FN:9,(anonymous_258)
FN:9,(anonymous_259)
FN:9,(anonymous_260)
FN:9,(anonymous_261)
FN:9,(anonymous_262)
FN:9,LazyUint8Array
FN:9,LazyUint8Array_get
FN:9,LazyUint8Array_setDataGetter
FN:9,LazyUint8Array_cacheLength
FN:9,(anonymous_267)
FN:9,(anonymous_268)
FN:9,(anonymous_269)
FN:9,(anonymous_270)
FN:9,(anonymous_271)
FN:9,(anonymous_272)
FN:9,forceLoadLazyFile
FN:9,writeChunks
FN:9,(anonymous_275)
FN:9,(anonymous_276)
FN:9,(anonymous_277)
FN:9,processData
FN:9,finish
FN:9,(anonymous_280)
FN:9,(anonymous_281)
FN:9,(anonymous_282)
FN:9,(anonymous_283)
FN:9,(anonymous_284)
FN:9,(anonymous_285)
FN:9,(anonymous_286)
FN:9,(anonymous_287)
FN:9,(anonymous_288)
FN:9,finish
FN:9,(anonymous_290)
FN:9,(anonymous_291)
FN:9,(anonymous_292)
FN:9,(anonymous_293)
FN:9,(anonymous_294)
FN:9,(anonymous_295)
FN:9,(anonymous_296)
FN:9,finish
FN:9,(anonymous_298)
FN:9,(anonymous_299)
FN:9,(anonymous_300)
FN:9,(anonymous_301)
FN:9,(anonymous_302)
FN:9,(anonymous_303)
FN:9,(anonymous_304)
FN:9,(anonymous_305)
FN:9,(anonymous_306)
FN:9,___syscall_chdir
FN:9,___syscall_chmod
FN:9,___syscall_dup3
FN:9,___syscall_faccessat
FN:9,setErrNo
FN:9,___syscall_fcntl64
FN:9,___syscall_fstat64
FN:9,convertI32PairToI53Checked
FN:9,___syscall_ftruncate64
FN:9,___syscall_getcwd
FN:9,___syscall_getdents64
FN:9,___syscall_ioctl
FN:9,___syscall_lstat64
FN:9,___syscall_mkdirat
FN:9,___syscall_newfstatat
FN:9,___syscall_openat
FN:9,___syscall_poll
FN:9,___syscall_readlinkat
FN:9,___syscall_renameat
FN:9,___syscall_rmdir
FN:9,___syscall_stat64
FN:9,___syscall_unlinkat
FN:9,__emscripten_date_now
FN:9,__emscripten_get_now_is_monotonic
FN:9,__emscripten_throw_longjmp
FN:9,readI53FromI64
FN:9,__localtime_js
FN:9,__mktime_js
FN:9,__munmap_js
FN:9,allocateUTF8
FN:9,_tzset_impl
FN:9,extractZone
FN:9,__tzset_js
FN:9,_abort
FN:9,readAsmConstArgs
FN:9,_emscripten_asm_const_int
FN:9,getHeapMax
FN:9,_emscripten_get_heap_max
FN:9,(anonymous_345)
FN:9,(anonymous_346)
FN:9,_emscripten_memcpy_big
FN:9,emscripten_realloc_buffer
FN:9,_emscripten_resize_heap
FN:9,(anonymous_350)
FN:9,_emscripten_run_script
FN:9,getExecutableName
FN:9,getEnvStrings
FN:9,writeAsciiToMemory
FN:9,_environ_get
FN:9,(anonymous_356)
FN:9,_environ_sizes_get
FN:9,(anonymous_358)
FN:9,_proc_exit
FN:9,exitJS
FN:9,_fd_close
FN:9,_fd_fdstat_get
FN:9,doReadv
FN:9,_fd_read
FN:9,_fd_seek
FN:9,doWritev
FN:9,_fd_write
FN:9,__isLeapYear
FN:9,__arraySum
FN:9,__addDays
FN:9,_strftime
FN:9,leadingSomething
FN:9,leadingNulls
FN:9,compareByDay
FN:9,sgn
FN:9,getFirstWeekStartDate
FN:9,getWeekBasedYear
FN:9,(anonymous_378)
FN:9,(anonymous_379)
FN:9,(anonymous_380)
FN:9,(anonymous_381)
FN:9,(anonymous_382)
FN:9,(anonymous_383)
FN:9,(anonymous_384)
FN:9,(anonymous_385)
FN:9,(anonymous_386)
FN:9,(anonymous_387)
FN:9,(anonymous_388)
FN:9,(anonymous_389)
FN:9,(anonymous_390)
FN:9,(anonymous_391)
FN:9,(anonymous_392)
FN:9,(anonymous_393)
FN:9,(anonymous_394)
FN:9,(anonymous_395)
FN:9,(anonymous_396)
FN:9,(anonymous_397)
FN:9,(anonymous_398)
FN:9,(anonymous_399)
FN:9,(anonymous_400)
FN:9,(anonymous_401)
FN:9,(anonymous_402)
FN:9,(anonymous_403)
FN:9,(anonymous_404)
FN:9,(anonymous_405)
FN:9,allocate
FN:9,getCFunc
FN:9,ccall
FN:9,(anonymous_409)
FN:9,(anonymous_410)
FN:9,convertReturnValue
FN:9,onDone
FN:9,cwrap
FN:9,(anonymous_414)
FN:9,(anonymous_415)
FN:9,(anonymous_416)
FN:9,(anonymous_417)
FN:9,(anonymous_418)
FN:9,(anonymous_419)
FN:9,(anonymous_420)
FN:9,(anonymous_421)
FN:9,(anonymous_422)
FN:9,(anonymous_423)
FN:9,(anonymous_424)
FN:9,(anonymous_425)
FN:9,(anonymous_426)
FN:9,(anonymous_427)
FN:9,(anonymous_428)
FN:9,(anonymous_429)
FN:9,(anonymous_430)
FN:9,(anonymous_431)
FN:9,(anonymous_432)
FN:9,(anonymous_433)
FN:9,(anonymous_434)
FN:9,(anonymous_435)
FN:9,(anonymous_436)
FN:9,(anonymous_437)
FN:9,(anonymous_438)
FN:9,(anonymous_439)
FN:9,(anonymous_440)
FN:9,(anonymous_441)
FN:9,(anonymous_442)
FN:9,(anonymous_443)
FN:9,(anonymous_444)
FN:9,(anonymous_445)
FN:9,(anonymous_446)
FN:9,(anonymous_447)
FN:9,(anonymous_448)
FN:9,(anonymous_449)
FN:9,(anonymous_450)
FN:9,(anonymous_451)
FN:9,(anonymous_452)
FN:9,(anonymous_453)
FN:9,(anonymous_454)
FN:9,(anonymous_455)
FN:9,(anonymous_456)
FN:9,(anonymous_457)
FN:9,(anonymous_458)
FN:9,(anonymous_459)
FN:9,(anonymous_460)
FN:9,(anonymous_461)
FN:9,(anonymous_462)
FN:9,(anonymous_463)
FN:9,(anonymous_464)
FN:9,(anonymous_465)
FN:9,(anonymous_466)
FN:9,(anonymous_467)
FN:9,(anonymous_468)
FN:9,(anonymous_469)
FN:9,(anonymous_470)
FN:9,(anonymous_471)
FN:9,(anonymous_472)
FN:9,(anonymous_473)
FN:9,(anonymous_474)
FN:9,(anonymous_475)
FN:9,(anonymous_476)
FN:9,(anonymous_477)
FN:9,(anonymous_478)
FN:9,(anonymous_479)
FN:9,(anonymous_480)
FN:9,(anonymous_481)
FN:9,(anonymous_482)
FN:9,(anonymous_483)
FN:9,(anonymous_484)
FN:9,(anonymous_485)
FN:9,(anonymous_486)
FN:9,(anonymous_487)
FN:9,(anonymous_488)
FN:9,(anonymous_489)
FN:9,(anonymous_490)
FN:9,(anonymous_491)
FN:9,(anonymous_492)
FN:9,(anonymous_493)
FN:9,(anonymous_494)
FN:9,(anonymous_495)
FN:9,(anonymous_496)
FN:9,(anonymous_497)
FN:9,(anonymous_498)
FN:9,(anonymous_499)
FN:9,(anonymous_500)
FN:9,(anonymous_501)
FN:9,(anonymous_502)
FN:9,(anonymous_503)
FN:9,(anonymous_504)
FN:9,(anonymous_505)
FN:9,(anonymous_506)
FN:9,(anonymous_507)
FN:9,(anonymous_508)
FN:9,(anonymous_509)
FN:9,(anonymous_510)
FN:9,(anonymous_511)
FN:9,(anonymous_512)
FN:9,(anonymous_513)
FN:9,(anonymous_514)
FN:9,(anonymous_515)
FN:9,(anonymous_516)
FN:9,(anonymous_517)
FN:9,(anonymous_518)
FN:9,(anonymous_519)
FN:9,(anonymous_520)
FN:9,(anonymous_521)
FN:9,(anonymous_522)
FN:9,(anonymous_523)
FN:9,(anonymous_524)
FN:9,(anonymous_525)
FN:9,(anonymous_526)
FN:9,(anonymous_527)
FN:9,(anonymous_528)
FN:9,(anonymous_529)
FN:9,(anonymous_530)
FN:9,(anonymous_531)
FN:9,(anonymous_532)
FN:9,(anonymous_533)
FN:9,(anonymous_534)
FN:9,(anonymous_535)
FN:9,(anonymous_536)
FN:9,(anonymous_537)
FN:9,(anonymous_538)
FN:9,(anonymous_539)
FN:9,(anonymous_540)
FN:9,(anonymous_541)
FN:9,(anonymous_542)
FN:9,(anonymous_543)
FN:9,(anonymous_544)
FN:9,(anonymous_545)
FN:9,(anonymous_546)
FN:9,(anonymous_547)
FN:9,(anonymous_548)
FN:9,(anonymous_549)
FN:9,(anonymous_550)
FN:9,(anonymous_551)
FN:9,(anonymous_552)
FN:9,(anonymous_553)
FN:9,(anonymous_554)
FN:9,(anonymous_555)
FN:9,(anonymous_556)
FN:9,(anonymous_557)
FN:9,(anonymous_558)
FN:9,(anonymous_559)
FN:9,(anonymous_560)
FN:9,(anonymous_561)
FN:9,(anonymous_562)
FN:9,(anonymous_563)
FN:9,(anonymous_564)
FN:9,(anonymous_565)
FN:9,(anonymous_566)
FN:9,(anonymous_567)
FN:9,(anonymous_568)
FN:9,(anonymous_569)
FN:9,(anonymous_570)
FN:9,(anonymous_571)
FN:9,(anonymous_572)
FN:9,(anonymous_573)
FN:9,(anonymous_574)
FN:9,(anonymous_575)
FN:9,(anonymous_576)
FN:9,(anonymous_577)
FN:9,(anonymous_578)
FN:9,(anonymous_579)
FN:9,(anonymous_580)
FN:9,(anonymous_581)
FN:9,(anonymous_582)
FN:9,(anonymous_583)
FN:9,(anonymous_584)
FN:9,(anonymous_585)
FN:9,(anonymous_586)
FN:9,(anonymous_587)
FN:9,(anonymous_588)
FN:9,(anonymous_589)
FN:9,(anonymous_590)
FN:9,(anonymous_591)
FN:9,(anonymous_592)
FN:9,(anonymous_593)
FN:9,(anonymous_594)
FN:9,(anonymous_595)
FN:9,(anonymous_596)
FN:9,(anonymous_597)
FN:9,(anonymous_598)
FN:9,(anonymous_599)
FN:9,(anonymous_600)
FN:9,(anonymous_601)
FN:9,(anonymous_602)
FN:9,(anonymous_603)
FN:9,(anonymous_604)
FN:9,(anonymous_605)
FN:9,(anonymous_606)
FN:9,(anonymous_607)
FN:9,(anonymous_608)
FN:9,(anonymous_609)
FN:9,(anonymous_610)
FN:9,(anonymous_611)
FN:9,(anonymous_612)
FN:9,(anonymous_613)
FN:9,(anonymous_614)
FN:9,(anonymous_615)
FN:9,(anonymous_616)
FN:9,(anonymous_617)
FN:9,(anonymous_618)
FN:9,(anonymous_619)
FN:9,(anonymous_620)
FN:9,(anonymous_621)
FN:9,(anonymous_622)
FN:9,(anonymous_623)
FN:9,(anonymous_624)
FN:9,(anonymous_625)
FN:9,(anonymous_626)
FN:9,(anonymous_627)
FN:9,(anonymous_628)
FN:9,(anonymous_629)
FN:9,(anonymous_630)
FN:9,(anonymous_631)
FN:9,(anonymous_632)
FN:9,(anonymous_633)
FN:9,(anonymous_634)
FN:9,(anonymous_635)
FN:9,(anonymous_636)
FN:9,(anonymous_637)
FN:9,(anonymous_638)
FN:9,(anonymous_639)
FN:9,(anonymous_640)
FN:9,(anonymous_641)
FN:9,(anonymous_642)
FN:9,(anonymous_643)
FN:9,(anonymous_644)
FN:9,invoke_iii
FN:9,invoke_ii
FN:9,invoke_i
FN:9,invoke_iiii
FN:9,invoke_vi
FN:9,invoke_viii
FN:9,invoke_vii
FN:9,invoke_v
FN:9,invoke_iiiiii
FN:9,invoke_iiiiiiiiiiii
FN:9,invoke_iiiiiiiiiii
FN:9,invoke_iiiiiiiiii
FN:9,invoke_iiiiiiiii
FN:9,invoke_iiiiiiii
FN:9,invoke_iiiiiii
FN:9,invoke_iiiii
FN:9,invoke_iiji
FN:9,invoke_iij
FN:9,invoke_ij
FN:9,runCaller
FN:9,run
FN:9,doRun
FN:9,(anonymous_667)
FN:9,(anonymous_668)
FN:9,Prolog
FN:9,(anonymous_670)
FN:9,(anonymous_671)
FN:9,(anonymous_672)
FN:9,(anonymous_673)
FN:9,(anonymous_674)
FN:9,(anonymous_675)
FN:9,(anonymous_676)
FN:9,(anonymous_677)
FN:9,(anonymous_678)
FN:9,(anonymous_679)
FN:9,(anonymous_680)
FN:9,consult_one
FN:9,(anonymous_682)
FN:9,(anonymous_683)
FN:9,(anonymous_684)
FN:9,(anonymous_685)
FN:9,(anonymous_686)
FN:9,(anonymous_687)
FN:9,(anonymous_688)
FN:9,(anonymous_689)
FN:9,(anonymous_690)
FN:9,(anonymous_691)
FN:9,(anonymous_692)
FN:9,(anonymous_693)
FN:9,(anonymous_694)
FN:9,(anonymous_695)
FN:9,(anonymous_696)
FN:9,(anonymous_697)
FN:9,(anonymous_698)
FN:9,(anonymous_699)
FN:9,(anonymous_700)
FN:9,(anonymous_701)
FN:9,(anonymous_702)
FN:9,(anonymous_703)
FN:9,(anonymous_704)
FN:9,(anonymous_705)
FN:9,(anonymous_706)
FN:9,(anonymous_707)
FN:9,(anonymous_708)
FN:9,(anonymous_709)
FN:9,(anonymous_710)
FN:9,next
FN:9,(anonymous_712)
FN:9,(anonymous_713)
FN:9,(anonymous_714)
FN:9,(anonymous_715)
FN:9,(anonymous_716)
FN:9,(anonymous_717)
FN:9,toJSON
FN:9,(anonymous_719)
FN:9,toProlog
FN:9,(anonymous_721)
FN:9,(anonymous_722)
FN:9,(anonymous_723)
FN:9,(anonymous_724)
FN:9,(anonymous_725)
FN:9,(anonymous_726)
FN:9,(anonymous_727)
FN:9,(anonymous_728)
FN:9,(anonymous_729)
FN:9,(anonymous_730)
FN:9,(anonymous_731)
FN:9,(anonymous_732)
FN:9,prolog_js_call
FN:9,eval_chain
FN:9,eval_one
FN:9,(anonymous_736)
FN:9,(anonymous_737)
FN:9,release_registered_object
FN:9,(anonymous_739)
FN:19,(anonymous_740)
FNF:741
FNH:246
FNDA:2,(anonymous_0)
FNDA:5,(anonymous_1)
FNDA:5,(anonymous_2)
FNDA:5,(anonymous_3)
FNDA:5,(anonymous_4)
FNDA:5,fetchRemotePackage
FNDA:5,(anonymous_6)
FNDA:0,(anonymous_7)
FNDA:0,(anonymous_8)
FNDA:0,(anonymous_9)
FNDA:0,handleError
FNDA:5,(anonymous_11)
FNDA:5,runWithFS
FNDA:10,assert
FNDA:1560,DataRequest
FNDA:1560,(anonymous_15)
FNDA:0,(anonymous_16)
FNDA:1560,(anonymous_17)
FNDA:1560,(anonymous_18)
FNDA:5,processPackageData
FNDA:0,(anonymous_20)
FNDA:5,locateFile
FNDA:0,logExceptionOnExit
FNDA:5,(anonymous_23)
FNDA:5,shell_read
FNDA:5,(anonymous_25)
FNDA:0,(anonymous_26)
FNDA:0,(anonymous_27)
FNDA:0,(anonymous_28)
FNDA:0,(anonymous_29)
FNDA:0,(anonymous_30)
FNDA:0,(anonymous_31)
FNDA:0,(anonymous_32)
FNDA:0,(anonymous_33)
FNDA:0,(anonymous_34)
FNDA:0,(anonymous_35)
FNDA:0,(anonymous_36)
FNDA:0,assert
FNDA:526,UTF8ArrayToString
FNDA:526,UTF8ToString
FNDA:34,stringToUTF8Array
FNDA:12,stringToUTF8
FNDA:28,lengthBytesUTF8
FNDA:5,updateGlobalBufferAndViews
FNDA:0,keepRuntimeAlive
FNDA:9,preRun
FNDA:5,initRuntime
FNDA:0,exitRuntime
FNDA:5,postRun
FNDA:5,addOnPreRun
FNDA:5,addOnInit
FNDA:0,addOnPostRun
FNDA:0,getUniqueRunDependency
FNDA:1570,addRunDependency
FNDA:1570,removeRunDependency
FNDA:0,abort
FNDA:10,isDataURI
FNDA:5,isFileURI
FNDA:5,getBinary
FNDA:5,getBinaryPromise
FNDA:0,(anonymous_60)
FNDA:0,(anonymous_61)
FNDA:0,(anonymous_62)
FNDA:0,(anonymous_63)
FNDA:5,(anonymous_64)
FNDA:5,createWasm
FNDA:5,receiveInstance
FNDA:5,receiveInstantiationResult
FNDA:5,instantiateArrayBuffer
FNDA:5,(anonymous_69)
FNDA:5,(anonymous_70)
FNDA:0,(anonymous_71)
FNDA:5,instantiateAsync
FNDA:0,(anonymous_73)
FNDA:0,(anonymous_74)
FNDA:0,(anonymous_75)
FNDA:0,(anonymous_76)
FNDA:0,ExitStatus
FNDA:19,callRuntimeCallbacks
FNDA:3,getValue
FNDA:10,setValue
FNDA:0,writeArrayToMemory
FNDA:237838,getWasmTableEntry
FNDA:0,___call_sighandler
FNDA:9976,(anonymous_84)
FNDA:15,(anonymous_85)
FNDA:12181,(anonymous_86)
FNDA:7470,(anonymous_87)
FNDA:27218,(anonymous_88)
FNDA:15,(anonymous_89)
FNDA:1770,(anonymous_90)
FNDA:0,(anonymous_91)
FNDA:5650,(anonymous_92)
FNDA:5,getRandomDevice
FNDA:0,(anonymous_94)
FNDA:0,(anonymous_95)
FNDA:0,(anonymous_96)
FNDA:2388,(anonymous_97)
FNDA:12532,(anonymous_98)
FNDA:0,(anonymous_99)
FNDA:0,trim
FNDA:10,intArrayFromString
FNDA:5,(anonymous_102)
FNDA:0,(anonymous_103)
FNDA:10,(anonymous_104)
FNDA:15,(anonymous_105)
FNDA:0,(anonymous_106)
FNDA:0,(anonymous_107)
FNDA:0,(anonymous_108)
FNDA:0,(anonymous_109)
FNDA:0,(anonymous_110)
FNDA:0,(anonymous_111)
FNDA:0,(anonymous_112)
FNDA:0,(anonymous_113)
FNDA:0,(anonymous_114)
FNDA:0,zeroMemory
FNDA:0,alignMemory
FNDA:0,mmapAlloc
FNDA:5,(anonymous_118)
FNDA:1775,(anonymous_119)
FNDA:0,(anonymous_120)
FNDA:0,(anonymous_121)
FNDA:1560,(anonymous_122)
FNDA:96,(anonymous_123)
FNDA:4680,(anonymous_124)
FNDA:2144,(anonymous_125)
FNDA:1755,(anonymous_126)
FNDA:0,(anonymous_127)
FNDA:0,(anonymous_128)
FNDA:0,(anonymous_129)
FNDA:0,(anonymous_130)
FNDA:15,(anonymous_131)
FNDA:15,(anonymous_132)
FNDA:515,(anonymous_133)
FNDA:1560,(anonymous_134)
FNDA:355,(anonymous_135)
FNDA:0,(anonymous_136)
FNDA:0,(anonymous_137)
FNDA:0,(anonymous_138)
FNDA:0,asyncLoad
FNDA:0,(anonymous_140)
FNDA:0,(anonymous_141)
FNDA:2343,(anonymous_142)
FNDA:10014,(anonymous_143)
FNDA:1610,(anonymous_144)
FNDA:9419,(anonymous_145)
FNDA:1780,(anonymous_146)
FNDA:0,(anonymous_147)
FNDA:7639,(anonymous_148)
FNDA:1780,(anonymous_149)
FNDA:0,(anonymous_150)
FNDA:7570,(anonymous_151)
FNDA:5500,(anonymous_152)
FNDA:3215,(anonymous_153)
FNDA:7131,(anonymous_154)
FNDA:7140,(anonymous_155)
FNDA:1716,(anonymous_156)
FNDA:1775,(anonymous_157)
FNDA:1775,(anonymous_158)
FNDA:0,(anonymous_159)
FNDA:0,(anonymous_160)
FNDA:1600,(anonymous_161)
FNDA:12582,(anonymous_162)
FNDA:7639,(anonymous_163)
FNDA:1770,(anonymous_164)
FNDA:0,(anonymous_165)
FNDA:1595,(anonymous_166)
FNDA:1595,(anonymous_167)
FNDA:955,(anonymous_168)
FNDA:1595,(anonymous_169)
FNDA:1595,(anonymous_170)
FNDA:0,(anonymous_171)
FNDA:0,(anonymous_172)
FNDA:0,(anonymous_173)
FNDA:0,(anonymous_174)
FNDA:0,(anonymous_175)
FNDA:3640,(anonymous_176)
FNDA:1595,(anonymous_177)
FNDA:2095,(anonymous_178)
FNDA:2465,(anonymous_179)
FNDA:1575,(anonymous_180)
FNDA:15,(anonymous_181)
FNDA:0,(anonymous_182)
FNDA:0,(anonymous_183)
FNDA:0,(anonymous_184)
FNDA:40,(anonymous_185)
FNDA:25,(anonymous_186)
FNDA:15,(anonymous_187)
FNDA:0,(anonymous_188)
FNDA:0,(anonymous_189)
FNDA:0,doCallback
FNDA:0,done
FNDA:0,(anonymous_192)
FNDA:10,(anonymous_193)
FNDA:0,(anonymous_194)
FNDA:0,(anonymous_195)
FNDA:2144,(anonymous_196)
FNDA:1755,(anonymous_197)
FNDA:1560,(anonymous_198)
FNDA:170,(anonymous_199)
FNDA:0,(anonymous_200)
FNDA:25,(anonymous_201)
FNDA:15,(anonymous_202)
FNDA:0,(anonymous_203)
FNDA:0,(anonymous_204)
FNDA:0,(anonymous_205)
FNDA:0,(anonymous_206)
FNDA:20,(anonymous_207)
FNDA:395,(anonymous_208)
FNDA:0,(anonymous_209)
FNDA:3120,(anonymous_210)
FNDA:0,(anonymous_211)
FNDA:0,(anonymous_212)
FNDA:0,(anonymous_213)
FNDA:0,(anonymous_214)
FNDA:0,(anonymous_215)
FNDA:1560,(anonymous_216)
FNDA:0,(anonymous_217)
FNDA:0,(anonymous_218)
FNDA:1610,(anonymous_219)
FNDA:1575,(anonymous_220)
FNDA:4010,(anonymous_221)
FNDA:355,(anonymous_222)
FNDA:520,(anonymous_223)
FNDA:1560,(anonymous_224)
FNDA:0,(anonymous_225)
FNDA:0,(anonymous_226)
FNDA:0,(anonymous_227)
FNDA:0,(anonymous_228)
FNDA:0,(anonymous_229)
FNDA:0,(anonymous_230)
FNDA:0,(anonymous_231)
FNDA:2368,(anonymous_232)
FNDA:0,(anonymous_233)
FNDA:5,(anonymous_234)
FNDA:5,(anonymous_235)
FNDA:0,(anonymous_236)
FNDA:0,(anonymous_237)
FNDA:5,(anonymous_238)
FNDA:5,(anonymous_239)
FNDA:0,(anonymous_240)
FNDA:0,(anonymous_241)
FNDA:5,(anonymous_242)
FNDA:10,(anonymous_243)
FNDA:40,ErrnoError
FNDA:40,(anonymous_245)
FNDA:5,(anonymous_246)
FNDA:5,(anonymous_247)
FNDA:5,(anonymous_248)
FNDA:0,(anonymous_249)
FNDA:1570,(anonymous_250)
FNDA:0,(anonymous_251)
FNDA:0,(anonymous_252)
FNDA:125,(anonymous_253)
FNDA:0,(anonymous_254)
FNDA:1560,(anonymous_255)
FNDA:10,(anonymous_256)
FNDA:0,(anonymous_257)
FNDA:0,(anonymous_258)
FNDA:0,(anonymous_259)
FNDA:0,(anonymous_260)
FNDA:0,(anonymous_261)
FNDA:0,(anonymous_262)
FNDA:0,LazyUint8Array
FNDA:0,LazyUint8Array_get
FNDA:0,LazyUint8Array_setDataGetter
FNDA:0,LazyUint8Array_cacheLength
FNDA:0,(anonymous_267)
FNDA:0,(anonymous_268)
FNDA:0,(anonymous_269)
FNDA:0,(anonymous_270)
FNDA:0,(anonymous_271)
FNDA:0,(anonymous_272)
FNDA:0,forceLoadLazyFile
FNDA:0,writeChunks
FNDA:0,(anonymous_275)
FNDA:0,(anonymous_276)
FNDA:0,(anonymous_277)
FNDA:0,processData
FNDA:0,finish
FNDA:0,(anonymous_280)
FNDA:0,(anonymous_281)
FNDA:0,(anonymous_282)
FNDA:0,(anonymous_283)
FNDA:0,(anonymous_284)
FNDA:0,(anonymous_285)
FNDA:0,(anonymous_286)
FNDA:0,(anonymous_287)
FNDA:0,(anonymous_288)
FNDA:0,finish
FNDA:0,(anonymous_290)
FNDA:0,(anonymous_291)
FNDA:0,(anonymous_292)
FNDA:0,(anonymous_293)
FNDA:0,(anonymous_294)
FNDA:0,(anonymous_295)
FNDA:0,(anonymous_296)
FNDA:0,finish
FNDA:0,(anonymous_298)
FNDA:0,(anonymous_299)
FNDA:0,(anonymous_300)
FNDA:128,(anonymous_301)
FNDA:395,(anonymous_302)
FNDA:0,(anonymous_303)
FNDA:35,(anonymous_304)
FNDA:523,(anonymous_305)
FNDA:955,(anonymous_306)
FNDA:0,___syscall_chdir
FNDA:0,___syscall_chmod
FNDA:0,___syscall_dup3
FNDA:88,___syscall_faccessat
FNDA:0,setErrNo
FNDA:20,___syscall_fcntl64
FNDA:0,___syscall_fstat64
FNDA:355,convertI32PairToI53Checked
FNDA:0,___syscall_ftruncate64
FNDA:5,___syscall_getcwd
FNDA:0,___syscall_getdents64
FNDA:5,___syscall_ioctl
FNDA:0,___syscall_lstat64
FNDA:0,___syscall_mkdirat
FNDA:0,___syscall_newfstatat
FNDA:35,___syscall_openat
FNDA:0,___syscall_poll
FNDA:5,___syscall_readlinkat
FNDA:0,___syscall_renameat
FNDA:0,___syscall_rmdir
FNDA:395,___syscall_stat64
FNDA:0,___syscall_unlinkat
FNDA:51,__emscripten_date_now
FNDA:5,__emscripten_get_now_is_monotonic
FNDA:0,__emscripten_throw_longjmp
FNDA:0,readI53FromI64
FNDA:0,__localtime_js
FNDA:0,__mktime_js
FNDA:0,__munmap_js
FNDA:12,allocateUTF8
FNDA:5,_tzset_impl
FNDA:10,extractZone
FNDA:5,__tzset_js
FNDA:0,_abort
FNDA:0,readAsmConstArgs
FNDA:0,_emscripten_asm_const_int
FNDA:0,getHeapMax
FNDA:0,_emscripten_get_heap_max
FNDA:0,(anonymous_345)
FNDA:0,(anonymous_346)
FNDA:814,_emscripten_memcpy_big
FNDA:0,emscripten_realloc_buffer
FNDA:0,_emscripten_resize_heap
FNDA:0,(anonymous_350)
FNDA:0,_emscripten_run_script
FNDA:5,getExecutableName
FNDA:10,getEnvStrings
FNDA:35,writeAsciiToMemory
FNDA:5,_environ_get
FNDA:35,(anonymous_356)
FNDA:5,_environ_sizes_get
FNDA:35,(anonymous_358)
FNDA:0,_proc_exit
FNDA:0,exitJS
FNDA:15,_fd_close
FNDA:40,_fd_fdstat_get
FNDA:520,doReadv
FNDA:520,_fd_read
FNDA:355,_fd_seek
FNDA:0,doWritev
FNDA:0,_fd_write
FNDA:0,__isLeapYear
FNDA:0,__arraySum
FNDA:0,__addDays
FNDA:0,_strftime
FNDA:0,leadingSomething
FNDA:0,leadingNulls
FNDA:0,compareByDay
FNDA:0,sgn
FNDA:0,getFirstWeekStartDate
FNDA:0,getWeekBasedYear
FNDA:0,(anonymous_378)
FNDA:0,(anonymous_379)
FNDA:0,(anonymous_380)
FNDA:0,(anonymous_381)
FNDA:0,(anonymous_382)
FNDA:0,(anonymous_383)
FNDA:0,(anonymous_384)
FNDA:0,(anonymous_385)
FNDA:0,(anonymous_386)
FNDA:0,(anonymous_387)
FNDA:0,(anonymous_388)
FNDA:0,(anonymous_389)
FNDA:0,(anonymous_390)
FNDA:0,(anonymous_391)
FNDA:0,(anonymous_392)
FNDA:0,(anonymous_393)
FNDA:0,(anonymous_394)
FNDA:0,(anonymous_395)
FNDA:0,(anonymous_396)
FNDA:0,(anonymous_397)
FNDA:0,(anonymous_398)
FNDA:0,(anonymous_399)
FNDA:0,(anonymous_400)
FNDA:0,(anonymous_401)
FNDA:0,(anonymous_402)
FNDA:0,(anonymous_403)
FNDA:0,(anonymous_404)
FNDA:0,(anonymous_405)
FNDA:10,allocate
FNDA:281,getCFunc
FNDA:6,ccall
FNDA:6,(anonymous_409)
FNDA:0,(anonymous_410)
FNDA:6,convertReturnValue
FNDA:6,onDone
FNDA:285,cwrap
FNDA:480,(anonymous_414)
FNDA:6,(anonymous_415)
FNDA:1780,(anonymous_416)
FNDA:0,(anonymous_417)
FNDA:0,(anonymous_418)
FNDA:0,(anonymous_419)
FNDA:0,(anonymous_420)
FNDA:0,(anonymous_421)
FNDA:0,(anonymous_422)
FNDA:0,(anonymous_423)
FNDA:5,(anonymous_424)
FNDA:5,(anonymous_425)
FNDA:0,(anonymous_426)
FNDA:0,(anonymous_427)
FNDA:0,(anonymous_428)
FNDA:0,(anonymous_429)
FNDA:0,(anonymous_430)
FNDA:0,(anonymous_431)
FNDA:6,(anonymous_432)
FNDA:5,(anonymous_433)
FNDA:0,(anonymous_434)
FNDA:0,(anonymous_435)
FNDA:1,(anonymous_436)
FNDA:0,(anonymous_437)
FNDA:1,(anonymous_438)
FNDA:0,(anonymous_439)
FNDA:0,(anonymous_440)
FNDA:1,(anonymous_441)
FNDA:0,(anonymous_442)
FNDA:0,(anonymous_443)
FNDA:0,(anonymous_444)
FNDA:0,(anonymous_445)
FNDA:0,(anonymous_446)
FNDA:0,(anonymous_447)
FNDA:0,(anonymous_448)
FNDA:0,(anonymous_449)
FNDA:0,(anonymous_450)
FNDA:0,(anonymous_451)
FNDA:0,(anonymous_452)
FNDA:0,(anonymous_453)
FNDA:0,(anonymous_454)
FNDA:0,(anonymous_455)
FNDA:0,(anonymous_456)
FNDA:0,(anonymous_457)
FNDA:0,(anonymous_458)
FNDA:0,(anonymous_459)
FNDA:0,(anonymous_460)
FNDA:0,(anonymous_461)
FNDA:0,(anonymous_462)
FNDA:0,(anonymous_463)
FNDA:0,(anonymous_464)
FNDA:0,(anonymous_465)
FNDA:0,(anonymous_466)
FNDA:0,(anonymous_467)
FNDA:5,(anonymous_468)
FNDA:0,(anonymous_469)
FNDA:0,(anonymous_470)
FNDA:0,(anonymous_471)
FNDA:0,(anonymous_472)
FNDA:0,(anonymous_473)
FNDA:0,(anonymous_474)
FNDA:0,(anonymous_475)
FNDA:0,(anonymous_476)
FNDA:0,(anonymous_477)
FNDA:0,(anonymous_478)
FNDA:0,(anonymous_479)
FNDA:0,(anonymous_480)
FNDA:1,(anonymous_481)
FNDA:0,(anonymous_482)
FNDA:1,(anonymous_483)
FNDA:0,(anonymous_484)
FNDA:0,(anonymous_485)
FNDA:0,(anonymous_486)
FNDA:0,(anonymous_487)
FNDA:0,(anonymous_488)
FNDA:0,(anonymous_489)
FNDA:0,(anonymous_490)
FNDA:0,(anonymous_491)
FNDA:0,(anonymous_492)
FNDA:0,(anonymous_493)
FNDA:0,(anonymous_494)
FNDA:0,(anonymous_495)
FNDA:0,(anonymous_496)
FNDA:0,(anonymous_497)
FNDA:0,(anonymous_498)
FNDA:0,(anonymous_499)
FNDA:0,(anonymous_500)
FNDA:0,(anonymous_501)
FNDA:0,(anonymous_502)
FNDA:0,(anonymous_503)
FNDA:0,(anonymous_504)
FNDA:0,(anonymous_505)
FNDA:0,(anonymous_506)
FNDA:0,(anonymous_507)
FNDA:0,(anonymous_508)
FNDA:1,(anonymous_509)
FNDA:0,(anonymous_510)
FNDA:0,(anonymous_511)
FNDA:0,(anonymous_512)
FNDA:0,(anonymous_513)
FNDA:0,(anonymous_514)
FNDA:0,(anonymous_515)
FNDA:0,(anonymous_516)
FNDA:0,(anonymous_517)
FNDA:0,(anonymous_518)
FNDA:3,(anonymous_519)
FNDA:0,(anonymous_520)
FNDA:0,(anonymous_521)
FNDA:1,(anonymous_522)
FNDA:0,(anonymous_523)
FNDA:2,(anonymous_524)
FNDA:0,(anonymous_525)
FNDA:6,(anonymous_526)
FNDA:0,(anonymous_527)
FNDA:0,(anonymous_528)
FNDA:0,(anonymous_529)
FNDA:0,(anonymous_530)
FNDA:0,(anonymous_531)
FNDA:0,(anonymous_532)
FNDA:0,(anonymous_533)
FNDA:0,(anonymous_534)
FNDA:0,(anonymous_535)
FNDA:0,(anonymous_536)
FNDA:0,(anonymous_537)
FNDA:0,(anonymous_538)
FNDA:0,(anonymous_539)
FNDA:0,(anonymous_540)
FNDA:0,(anonymous_541)
FNDA:0,(anonymous_542)
FNDA:0,(anonymous_543)
FNDA:0,(anonymous_544)
FNDA:0,(anonymous_545)
FNDA:0,(anonymous_546)
FNDA:0,(anonymous_547)
FNDA:0,(anonymous_548)
FNDA:0,(anonymous_549)
FNDA:0,(anonymous_550)
FNDA:0,(anonymous_551)
FNDA:0,(anonymous_552)
FNDA:0,(anonymous_553)
FNDA:0,(anonymous_554)
FNDA:0,(anonymous_555)
FNDA:0,(anonymous_556)
FNDA:0,(anonymous_557)
FNDA:0,(anonymous_558)
FNDA:0,(anonymous_559)
FNDA:0,(anonymous_560)
FNDA:0,(anonymous_561)
FNDA:0,(anonymous_562)
FNDA:0,(anonymous_563)
FNDA:0,(anonymous_564)
FNDA:0,(anonymous_565)
FNDA:0,(anonymous_566)
FNDA:0,(anonymous_567)
FNDA:0,(anonymous_568)
FNDA:0,(anonymous_569)
FNDA:0,(anonymous_570)
FNDA:0,(anonymous_571)
FNDA:0,(anonymous_572)
FNDA:0,(anonymous_573)
FNDA:0,(anonymous_574)
FNDA:0,(anonymous_575)
FNDA:0,(anonymous_576)
FNDA:0,(anonymous_577)
FNDA:0,(anonymous_578)
FNDA:0,(anonymous_579)
FNDA:0,(anonymous_580)
FNDA:0,(anonymous_581)
FNDA:0,(anonymous_582)
FNDA:0,(anonymous_583)
FNDA:0,(anonymous_584)
FNDA:0,(anonymous_585)
FNDA:0,(anonymous_586)
FNDA:0,(anonymous_587)
FNDA:4,(anonymous_588)
FNDA:0,(anonymous_589)
FNDA:0,(anonymous_590)
FNDA:0,(anonymous_591)
FNDA:0,(anonymous_592)
FNDA:0,(anonymous_593)
FNDA:0,(anonymous_594)
FNDA:1,(anonymous_595)
FNDA:0,(anonymous_596)
FNDA:0,(anonymous_597)
FNDA:0,(anonymous_598)
FNDA:0,(anonymous_599)
FNDA:0,(anonymous_600)
FNDA:0,(anonymous_601)
FNDA:0,(anonymous_602)
FNDA:0,(anonymous_603)
FNDA:0,(anonymous_604)
FNDA:0,(anonymous_605)
FNDA:0,(anonymous_606)
FNDA:0,(anonymous_607)
FNDA:0,(anonymous_608)
FNDA:0,(anonymous_609)
FNDA:1,(anonymous_610)
FNDA:4,(anonymous_611)
FNDA:0,(anonymous_612)
FNDA:0,(anonymous_613)
FNDA:0,(anonymous_614)
FNDA:5,(anonymous_615)
FNDA:0,(anonymous_616)
FNDA:0,(anonymous_617)
FNDA:0,(anonymous_618)
FNDA:0,(anonymous_619)
FNDA:0,(anonymous_620)
FNDA:0,(anonymous_621)
FNDA:0,(anonymous_622)
FNDA:0,(anonymous_623)
FNDA:0,(anonymous_624)
FNDA:0,(anonymous_625)
FNDA:0,(anonymous_626)
FNDA:0,(anonymous_627)
FNDA:0,(anonymous_628)
FNDA:0,(anonymous_629)
FNDA:0,(anonymous_630)
FNDA:0,(anonymous_631)
FNDA:0,(anonymous_632)
FNDA:0,(anonymous_633)
FNDA:0,(anonymous_634)
FNDA:0,(anonymous_635)
FNDA:0,(anonymous_636)
FNDA:0,(anonymous_637)
FNDA:0,(anonymous_638)
FNDA:5,(anonymous_639)
FNDA:5,(anonymous_640)
FNDA:5,(anonymous_641)
FNDA:0,(anonymous_642)
FNDA:0,(anonymous_643)
FNDA:0,(anonymous_644)
FNDA:16672,invoke_iii
FNDA:4793,invoke_ii
FNDA:2407,invoke_i
FNDA:117061,invoke_iiii
FNDA:588,invoke_vi
FNDA:0,invoke_viii
FNDA:30838,invoke_vii
FNDA:0,invoke_v
FNDA:0,invoke_iiiiii
FNDA:0,invoke_iiiiiiiiiiii
FNDA:0,invoke_iiiiiiiiiii
FNDA:0,invoke_iiiiiiiiii
FNDA:0,invoke_iiiiiiiii
FNDA:8,invoke_iiiiiiii
FNDA:205,invoke_iiiiiii
FNDA:65266,invoke_iiiii
FNDA:0,invoke_iiji
FNDA:0,invoke_iij
FNDA:0,invoke_ij
FNDA:9,runCaller
FNDA:14,run
FNDA:5,doRun
FNDA:0,(anonymous_667)
FNDA:0,(anonymous_668)
FNDA:5,Prolog
FNDA:5,(anonymous_670)
FNDA:5,(anonymous_671)
FNDA:10,(anonymous_672)
FNDA:10,(anonymous_673)
FNDA:5,(anonymous_674)
FNDA:5,(anonymous_675)
FNDA:5,(anonymous_676)
FNDA:1,(anonymous_677)
FNDA:1,(anonymous_678)
FNDA:0,(anonymous_679)
FNDA:0,(anonymous_680)
FNDA:0,consult_one
FNDA:0,(anonymous_682)
FNDA:0,(anonymous_683)
FNDA:0,(anonymous_684)
FNDA:0,(anonymous_685)
FNDA:0,(anonymous_686)
FNDA:1,(anonymous_687)
FNDA:0,(anonymous_688)
FNDA:1,(anonymous_689)
FNDA:0,(anonymous_690)
FNDA:1,(anonymous_691)
FNDA:1,(anonymous_692)
FNDA:1,(anonymous_693)
FNDA:1,(anonymous_694)
FNDA:0,(anonymous_695)
FNDA:0,(anonymous_696)
FNDA:0,(anonymous_697)
FNDA:0,(anonymous_698)
FNDA:0,(anonymous_699)
FNDA:0,(anonymous_700)
FNDA:0,(anonymous_701)
FNDA:1,(anonymous_702)
FNDA:0,(anonymous_703)
FNDA:0,(anonymous_704)
FNDA:1,(anonymous_705)
FNDA:0,(anonymous_706)
FNDA:0,(anonymous_707)
FNDA:0,(anonymous_708)
FNDA:0,(anonymous_709)
FNDA:0,(anonymous_710)
FNDA:0,next
FNDA:0,(anonymous_712)
FNDA:0,(anonymous_713)
FNDA:0,(anonymous_714)
FNDA:0,(anonymous_715)
FNDA:0,(anonymous_716)
FNDA:0,(anonymous_717)
FNDA:4,toJSON
FNDA:1,(anonymous_719)
FNDA:1,toProlog
FNDA:1,(anonymous_721)
FNDA:5,(anonymous_722)
FNDA:3,(anonymous_723)
FNDA:4,(anonymous_724)
FNDA:1,(anonymous_725)
FNDA:0,(anonymous_726)
FNDA:0,(anonymous_727)
FNDA:0,(anonymous_728)
FNDA:8,(anonymous_729)
FNDA:0,(anonymous_730)
FNDA:0,(anonymous_731)
FNDA:5,(anonymous_732)
FNDA:0,prolog_js_call
FNDA:0,eval_chain
FNDA:0,eval_one
FNDA:0,(anonymous_736)
FNDA:0,(anonymous_737)
FNDA:0,release_registered_object
FNDA:0,(anonymous_739)
FNDA:0,(anonymous_740)
DA:2,2
DA:3,2
DA:4,2
DA:5,2
DA:7,5
DA:9,237838
DA:12,5
DA:16,2
DA:17,2
DA:18,0
DA:19,0
DA:20,0
DA:21,0
LF:13
LH:9
BRDA:3,0,0,0
BRDA:3,0,1,2
BRDA:3,1,0,2
BRDA:3,1,1,1
BRDA:4,2,0,2
BRDA:4,2,1,0
BRDA:4,3,0,2
BRDA:4,3,1,2
BRDA:7,4,0,5
BRDA:7,4,1,0
BRDA:9,5,0,5
BRDA:9,5,1,0
BRDA:9,6,0,5
BRDA:9,6,1,0
BRDA:9,7,0,0
BRDA:9,7,1,5
BRDA:9,8,0,0
BRDA:9,8,1,5
BRDA:9,9,0,0
BRDA:9,9,1,5
BRDA:9,10,0,5
BRDA:9,10,1,0
BRDA:9,11,0,0
BRDA:9,11,1,5
BRDA:9,12,0,5
BRDA:9,12,1,0
BRDA:9,13,0,5
BRDA:9,13,1,0
BRDA:9,14,0,5
BRDA:9,14,1,0
BRDA:9,15,0,5
BRDA:9,15,1,5
BRDA:9,15,2,5
BRDA:9,16,0,0
BRDA:9,16,1,5
BRDA:9,17,0,0
BRDA:9,17,1,0
BRDA:9,18,0,0
BRDA:9,18,1,0
BRDA:9,19,0,0
BRDA:9,19,1,0
BRDA:9,20,0,0
BRDA:9,20,1,0
BRDA:9,21,0,0
BRDA:9,21,1,0
BRDA:9,22,0,0
BRDA:9,22,1,0
BRDA:9,23,0,0
BRDA:9,23,1,0
BRDA:9,24,0,0
BRDA:9,24,1,0
BRDA:9,25,0,0
BRDA:9,25,1,0
BRDA:9,25,2,0
BRDA:9,25,3,0
BRDA:9,25,4,0
BRDA:9,26,0,0
BRDA:9,26,1,5
BRDA:9,27,0,5
BRDA:9,27,1,0
BRDA:9,28,0,4
BRDA:9,28,1,1
BRDA:9,29,0,0
BRDA:9,29,1,10
BRDA:9,30,0,1560
BRDA:9,30,1,1560
BRDA:9,31,0,5
BRDA:9,31,1,0
BRDA:9,32,0,1
BRDA:9,32,1,4
BRDA:9,33,0,0
BRDA:9,33,1,5
BRDA:9,34,0,5
BRDA:9,34,1,0
BRDA:9,35,0,5
BRDA:9,35,1,5
BRDA:9,35,2,5
BRDA:9,36,0,5
BRDA:9,36,1,0
BRDA:9,37,0,0
BRDA:9,37,1,0
BRDA:9,38,0,5
BRDA:9,38,1,0
BRDA:9,39,0,0
BRDA:9,39,1,5
BRDA:9,40,0,5
BRDA:9,40,1,0
BRDA:9,41,0,5
BRDA:9,41,1,0
BRDA:9,42,0,0
BRDA:9,42,1,5
BRDA:9,43,0,0
BRDA:9,43,1,0
BRDA:9,44,0,5
BRDA:9,44,1,0
BRDA:9,45,0,0
BRDA:9,45,1,0
BRDA:9,46,0,0
BRDA:9,46,1,0
BRDA:9,47,0,0
BRDA:9,47,1,0
BRDA:9,48,0,0
BRDA:9,48,1,0
BRDA:9,49,0,0
BRDA:9,49,1,0
BRDA:9,50,0,0
BRDA:9,50,1,0
BRDA:9,51,0,0
BRDA:9,51,1,0
BRDA:9,52,0,0
BRDA:9,52,1,0
BRDA:9,53,0,0
BRDA:9,53,1,0
BRDA:9,54,0,0
BRDA:9,54,1,0
BRDA:9,55,0,0
BRDA:9,55,1,0
BRDA:9,56,0,0
BRDA:9,56,1,0
BRDA:9,56,2,0
BRDA:9,57,0,5
BRDA:9,57,1,5
BRDA:9,58,0,5
BRDA:9,58,1,5
BRDA:9,59,0,5
BRDA:9,59,1,0
BRDA:9,60,0,0
BRDA:9,60,1,5
BRDA:9,61,0,0
BRDA:9,61,1,5
BRDA:9,62,0,0
BRDA:9,62,1,5
BRDA:9,63,0,5
BRDA:9,63,1,5
BRDA:9,64,0,0
BRDA:9,64,1,5
BRDA:9,65,0,0
BRDA:9,65,1,0
BRDA:9,66,0,5
BRDA:9,66,1,0
BRDA:9,67,0,7999
BRDA:9,67,1,7473
BRDA:9,68,0,155
BRDA:9,68,1,371
BRDA:9,69,0,526
BRDA:9,69,1,155
BRDA:9,69,2,155
BRDA:9,70,0,3765
BRDA:9,70,1,0
BRDA:9,71,0,0
BRDA:9,71,1,0
BRDA:9,72,0,0
BRDA:9,72,1,0
BRDA:9,73,0,0
BRDA:9,73,1,0
BRDA:9,74,0,526
BRDA:9,74,1,0
BRDA:9,75,0,0
BRDA:9,75,1,34
BRDA:9,76,0,0
BRDA:9,76,1,578
BRDA:9,77,0,578
BRDA:9,77,1,0
BRDA:9,78,0,578
BRDA:9,78,1,0
BRDA:9,79,0,0
BRDA:9,79,1,578
BRDA:9,80,0,0
BRDA:9,80,1,0
BRDA:9,81,0,0
BRDA:9,81,1,0
BRDA:9,82,0,0
BRDA:9,82,1,0
BRDA:9,83,0,0
BRDA:9,83,1,0
BRDA:9,84,0,0
BRDA:9,84,1,0
BRDA:9,85,0,401
BRDA:9,85,1,0
BRDA:9,86,0,0
BRDA:9,86,1,0
BRDA:9,87,0,0
BRDA:9,87,1,0
BRDA:9,88,0,0
BRDA:9,88,1,0
BRDA:9,89,0,5
BRDA:9,89,1,5
BRDA:9,90,0,0
BRDA:9,90,1,0
BRDA:9,91,0,9
BRDA:9,91,1,0
BRDA:9,92,0,0
BRDA:9,92,1,9
BRDA:9,93,0,5
BRDA:9,93,1,0
BRDA:9,94,0,5
BRDA:9,94,1,5
BRDA:9,95,0,0
BRDA:9,95,1,5
BRDA:9,96,0,0
BRDA:9,96,1,0
BRDA:9,97,0,0
BRDA:9,97,1,1570
BRDA:9,98,0,0
BRDA:9,98,1,1570
BRDA:9,99,0,10
BRDA:9,99,1,1560
BRDA:9,100,0,0
BRDA:9,100,1,10
BRDA:9,101,0,9
BRDA:9,101,1,1
BRDA:9,102,0,0
BRDA:9,102,1,0
BRDA:9,103,0,5
BRDA:9,103,1,0
BRDA:9,104,0,0
BRDA:9,104,1,5
BRDA:9,105,0,5
BRDA:9,105,1,5
BRDA:9,106,0,5
BRDA:9,106,1,0
BRDA:9,107,0,0
BRDA:9,107,1,5
BRDA:9,108,0,5
BRDA:9,108,1,5
BRDA:9,108,2,5
BRDA:9,109,0,0
BRDA:9,109,1,0
BRDA:9,110,0,0
BRDA:9,110,1,0
BRDA:9,111,0,0
BRDA:9,111,1,0
BRDA:9,112,0,0
BRDA:9,112,1,0
BRDA:9,113,0,0
BRDA:9,113,1,5
BRDA:9,114,0,5
BRDA:9,114,1,5
BRDA:9,114,2,5
BRDA:9,114,3,5
BRDA:9,114,4,5
BRDA:9,114,5,0
BRDA:9,115,0,0
BRDA:9,115,1,5
BRDA:9,116,0,0
BRDA:9,117,0,0
BRDA:9,117,1,3
BRDA:9,118,0,0
BRDA:9,118,1,0
BRDA:9,118,2,0
BRDA:9,118,3,3
BRDA:9,118,4,0
BRDA:9,118,5,0
BRDA:9,118,6,0
BRDA:9,118,7,0
BRDA:9,118,8,0
BRDA:9,119,0,0
BRDA:9,120,0,10
BRDA:9,120,1,0
BRDA:9,121,0,0
BRDA:9,121,1,0
BRDA:9,121,2,0
BRDA:9,121,3,0
BRDA:9,121,4,0
BRDA:9,121,5,0
BRDA:9,121,6,0
BRDA:9,121,7,10
BRDA:9,121,8,0
BRDA:9,122,0,0
BRDA:9,122,1,0
BRDA:9,123,0,0
BRDA:9,123,1,0
BRDA:9,124,0,694
BRDA:9,124,1,237144
BRDA:9,125,0,25
BRDA:9,125,1,669
BRDA:9,126,0,5
BRDA:9,126,1,32884
BRDA:9,127,0,0
BRDA:9,127,1,32884
BRDA:9,128,0,0
BRDA:9,128,1,32884
BRDA:9,129,0,0
BRDA:9,129,1,12181
BRDA:9,130,0,0
BRDA:9,130,1,7470
BRDA:9,131,0,7470
BRDA:9,131,1,0
BRDA:9,132,0,0
BRDA:9,132,1,7470
BRDA:9,133,0,7470
BRDA:9,133,1,7470
BRDA:9,134,0,7470
BRDA:9,134,1,0
BRDA:9,135,0,0
BRDA:9,135,1,15
BRDA:9,136,0,15
BRDA:9,136,1,0
BRDA:9,137,0,15
BRDA:9,137,1,0
BRDA:9,138,0,0
BRDA:9,138,1,1770
BRDA:9,139,0,0
BRDA:9,139,1,1770
BRDA:9,140,0,0
BRDA:9,140,1,5
BRDA:9,141,0,5
BRDA:9,141,1,0
BRDA:9,142,0,5
BRDA:9,142,1,0
BRDA:9,143,0,4766
BRDA:9,143,1,4766
BRDA:9,144,0,2388
BRDA:9,144,1,0
BRDA:9,145,0,0
BRDA:9,145,1,2388
BRDA:9,146,0,10
BRDA:9,146,1,2378
BRDA:9,147,0,2378
BRDA:9,147,1,0
BRDA:9,148,0,2378
BRDA:9,148,1,0
BRDA:9,149,0,0
BRDA:9,149,1,0
BRDA:9,150,0,0
BRDA:9,150,1,0
BRDA:9,151,0,0
BRDA:9,151,1,0
BRDA:9,152,0,0
BRDA:9,152,1,0
BRDA:9,153,0,0
BRDA:9,153,1,10
BRDA:9,154,0,0
BRDA:9,154,1,10
BRDA:9,155,0,0
BRDA:9,155,1,15
BRDA:9,156,0,0
BRDA:9,156,1,0
BRDA:9,157,0,0
BRDA:9,157,1,0
BRDA:9,158,0,0
BRDA:9,158,1,0
BRDA:9,159,0,0
BRDA:9,159,1,0
BRDA:9,160,0,0
BRDA:9,160,1,0
BRDA:9,161,0,0
BRDA:9,161,1,0
BRDA:9,162,0,0
BRDA:9,162,1,0
BRDA:9,163,0,0
BRDA:9,163,1,0
BRDA:9,164,0,0
BRDA:9,164,1,0
BRDA:9,165,0,0
BRDA:9,165,1,0
BRDA:9,166,0,0
BRDA:9,166,1,0
BRDA:9,167,0,0
BRDA:9,167,1,0
BRDA:9,168,0,0
BRDA:9,168,1,0
BRDA:9,169,0,0
BRDA:9,169,1,0
BRDA:9,170,0,0
BRDA:9,170,1,0
BRDA:9,171,0,0
BRDA:9,171,1,0
BRDA:9,172,0,0
BRDA:9,172,1,0
BRDA:9,173,0,0
BRDA:9,173,1,0
BRDA:9,174,0,0
BRDA:9,174,1,0
BRDA:9,175,0,0
BRDA:9,175,1,0
BRDA:9,176,0,0
BRDA:9,176,1,0
BRDA:9,177,0,0
BRDA:9,177,1,0
BRDA:9,178,0,0
BRDA:9,178,1,0
BRDA:9,179,0,0
BRDA:9,179,1,0
BRDA:9,180,0,0
BRDA:9,180,1,0
BRDA:9,181,0,0
BRDA:9,181,1,0
BRDA:9,182,0,0
BRDA:9,182,1,0
BRDA:9,183,0,0
BRDA:9,183,1,0
BRDA:9,184,0,0
BRDA:9,184,1,0
BRDA:9,185,0,0
BRDA:9,185,1,0
BRDA:9,186,0,0
BRDA:9,186,1,0
BRDA:9,187,0,0
BRDA:9,187,1,1775
BRDA:9,188,0,1775
BRDA:9,188,1,1775
BRDA:9,189,0,5
BRDA:9,189,1,1770
BRDA:9,190,0,175
BRDA:9,190,1,1600
BRDA:9,191,0,1560
BRDA:9,191,1,40
BRDA:9,192,0,15
BRDA:9,192,1,25
BRDA:9,193,0,25
BRDA:9,193,1,0
BRDA:9,194,0,1770
BRDA:9,194,1,5
BRDA:9,195,0,0
BRDA:9,195,1,0
BRDA:9,196,0,0
BRDA:9,196,1,0
BRDA:9,197,0,0
BRDA:9,197,1,0
BRDA:9,198,0,0
BRDA:9,198,1,0
BRDA:9,199,0,0
BRDA:9,199,1,0
BRDA:9,200,0,0
BRDA:9,200,1,0
BRDA:9,201,0,0
BRDA:9,201,1,0
BRDA:9,202,0,1560
BRDA:9,202,1,0
BRDA:9,203,0,0
BRDA:9,203,1,0
BRDA:9,204,0,0
BRDA:9,204,1,0
BRDA:9,205,0,0
BRDA:9,205,1,96
BRDA:9,206,0,61
BRDA:9,206,1,35
BRDA:9,207,0,35
BRDA:9,207,1,0
BRDA:9,208,0,0
BRDA:9,208,1,0
BRDA:9,209,0,3120
BRDA:9,209,1,1560
BRDA:9,210,0,4680
BRDA:9,210,1,0
BRDA:9,211,0,1560
BRDA:9,211,1,3120
BRDA:9,212,0,0
BRDA:9,212,1,0
BRDA:9,213,0,0
BRDA:9,213,1,0
BRDA:9,214,0,0
BRDA:9,214,1,0
BRDA:9,215,0,0
BRDA:9,215,1,15
BRDA:9,216,0,9
BRDA:9,216,1,506
BRDA:9,217,0,506
BRDA:9,217,1,0
BRDA:9,218,0,506
BRDA:9,218,1,506
BRDA:9,219,0,0
BRDA:9,219,1,1560
BRDA:9,220,0,120
BRDA:9,220,1,1440
BRDA:9,221,0,1440
BRDA:9,221,1,0
BRDA:9,222,0,1440
BRDA:9,222,1,1440
BRDA:9,222,2,0
BRDA:9,223,0,1440
BRDA:9,223,1,0
BRDA:9,224,0,0
BRDA:9,224,1,0
BRDA:9,225,0,0
BRDA:9,225,1,0
BRDA:9,226,0,0
BRDA:9,226,1,0
BRDA:9,227,0,0
BRDA:9,227,1,0
BRDA:9,228,0,0
BRDA:9,228,1,0
BRDA:9,229,0,0
BRDA:9,229,1,355
BRDA:9,230,0,20
BRDA:9,230,1,335
BRDA:9,231,0,10
BRDA:9,231,1,10
BRDA:9,232,0,0
BRDA:9,232,1,355
BRDA:9,233,0,0
BRDA:9,233,1,0
BRDA:9,234,0,0
BRDA:9,234,1,0
BRDA:9,235,0,0
BRDA:9,235,1,0
BRDA:9,236,0,0
BRDA:9,236,1,0
BRDA:9,237,0,0
BRDA:9,237,1,0
BRDA:9,238,0,0
BRDA:9,238,1,0
BRDA:9,239,0,0
BRDA:9,239,1,0
BRDA:9,240,0,0
BRDA:9,240,1,0
BRDA:9,241,0,0
BRDA:9,241,1,0
BRDA:9,242,0,0
BRDA:9,242,1,0
BRDA:9,243,0,0
BRDA:9,243,1,0
BRDA:9,244,0,0
BRDA:9,244,1,0
BRDA:9,245,0,0
BRDA:9,245,1,0
BRDA:9,246,0,20
BRDA:9,247,0,10
BRDA:9,247,1,2333
BRDA:9,248,0,0
BRDA:9,248,1,2333
BRDA:9,249,0,1770
BRDA:9,249,1,5869
BRDA:9,250,0,7639
BRDA:9,250,1,2296
BRDA:9,251,0,0
BRDA:9,251,1,5495
BRDA:9,252,0,0
BRDA:9,252,1,0
BRDA:9,253,0,0
BRDA:9,253,1,0
BRDA:9,253,2,0
BRDA:9,254,0,5455
BRDA:9,254,1,40
BRDA:9,255,0,5495
BRDA:9,255,1,174
BRDA:9,256,0,0
BRDA:9,256,1,15
BRDA:9,257,0,1610
BRDA:9,257,1,5960
BRDA:9,258,0,0
BRDA:9,258,1,1610
BRDA:9,259,0,0
BRDA:9,259,1,1610
BRDA:9,260,0,4350
BRDA:9,260,1,1610
BRDA:9,261,0,0
BRDA:9,261,1,0
BRDA:9,262,0,0
BRDA:9,262,1,0
BRDA:9,263,0,0
BRDA:9,263,1,7639
BRDA:9,264,0,5495
BRDA:9,264,1,165
BRDA:9,265,0,5660
BRDA:9,265,1,5505
BRDA:9,266,0,0
BRDA:9,266,1,0
BRDA:9,267,0,1560
BRDA:9,267,1,40
BRDA:9,268,0,11455
BRDA:9,268,1,1127
BRDA:9,269,0,0
BRDA:9,269,1,1127
BRDA:9,270,0,1127
BRDA:9,270,1,38
BRDA:9,271,0,0
BRDA:9,271,1,1127
BRDA:9,272,0,1127
BRDA:9,272,1,0
BRDA:9,273,0,0
BRDA:9,273,1,1127
BRDA:9,274,0,1127
BRDA:9,274,1,1089
BRDA:9,275,0,0
BRDA:9,275,1,7639
BRDA:9,276,0,0
BRDA:9,276,1,7639
BRDA:9,277,0,0
BRDA:9,277,1,0
BRDA:9,278,0,0
BRDA:9,278,1,0
BRDA:9,279,0,0
BRDA:9,279,1,0
BRDA:9,280,0,0
BRDA:9,280,1,0
BRDA:9,281,0,0
BRDA:9,281,1,0
BRDA:9,282,0,0
BRDA:9,282,1,0
BRDA:9,283,0,0
BRDA:9,283,1,1595
BRDA:9,284,0,0
BRDA:9,284,1,1595
BRDA:9,285,0,5
BRDA:9,285,1,1590
BRDA:9,286,0,0
BRDA:9,286,1,5
BRDA:9,287,0,5
BRDA:9,287,1,5
BRDA:9,288,0,1595
BRDA:9,289,0,1595
BRDA:9,290,0,1595
BRDA:9,290,1,85
BRDA:9,291,0,5
BRDA:9,291,1,1590
BRDA:9,292,0,15
BRDA:9,292,1,0
BRDA:9,293,0,0
BRDA:9,293,1,0
BRDA:9,294,0,0
BRDA:9,294,1,0
BRDA:9,295,0,0
BRDA:9,295,1,0
BRDA:9,296,0,0
BRDA:9,296,1,0
BRDA:9,297,0,0
BRDA:9,297,1,0
BRDA:9,298,0,0
BRDA:9,298,1,0
BRDA:9,299,0,0
BRDA:9,299,1,10
BRDA:9,300,0,10
BRDA:9,300,1,5
BRDA:9,301,0,5
BRDA:9,301,1,5
BRDA:9,302,0,10
BRDA:9,302,1,5
BRDA:9,303,0,0
BRDA:9,303,1,5
BRDA:9,304,0,0
BRDA:9,304,1,5
BRDA:9,305,0,5
BRDA:9,305,1,5
BRDA:9,306,0,5
BRDA:9,306,1,0
BRDA:9,307,0,5
BRDA:9,307,1,0
BRDA:9,308,0,0
BRDA:9,308,1,0
BRDA:9,309,0,0
BRDA:9,309,1,0
BRDA:9,310,0,0
BRDA:9,310,1,1755
BRDA:9,311,0,1755
BRDA:9,311,1,1755
BRDA:9,311,2,1755
BRDA:9,312,0,0
BRDA:9,312,1,1755
BRDA:9,313,0,0
BRDA:9,313,1,1755
BRDA:9,314,0,1560
BRDA:9,314,1,0
BRDA:9,315,0,0
BRDA:9,315,1,170
BRDA:9,316,0,0
BRDA:9,316,1,0
BRDA:9,317,0,0
BRDA:9,317,1,0
BRDA:9,318,0,15
BRDA:9,318,1,10
BRDA:9,319,0,0
BRDA:9,319,1,15
BRDA:9,320,0,0
BRDA:9,320,1,15
BRDA:9,321,0,0
BRDA:9,321,1,15
BRDA:9,322,0,0
BRDA:9,322,1,15
BRDA:9,323,0,0
BRDA:9,323,1,0
BRDA:9,324,0,0
BRDA:9,324,1,0
BRDA:9,325,0,0
BRDA:9,325,1,0
BRDA:9,326,0,0
BRDA:9,326,1,0
BRDA:9,327,0,0
BRDA:9,327,1,0
BRDA:9,328,0,0
BRDA:9,328,1,0
BRDA:9,329,0,0
BRDA:9,329,1,0
BRDA:9,330,0,0
BRDA:9,330,1,0
BRDA:9,331,0,0
BRDA:9,331,1,0
BRDA:9,332,0,0
BRDA:9,332,1,0
BRDA:9,333,0,0
BRDA:9,333,1,0
BRDA:9,334,0,0
BRDA:9,334,1,0
BRDA:9,334,2,0
BRDA:9,335,0,0
BRDA:9,335,1,0
BRDA:9,336,0,0
BRDA:9,336,1,0
BRDA:9,337,0,0
BRDA:9,337,1,0
BRDA:9,338,0,0
BRDA:9,338,1,0
BRDA:9,339,0,0
BRDA:9,339,1,0
BRDA:9,340,0,0
BRDA:9,340,1,0
BRDA:9,341,0,0
BRDA:9,341,1,0
BRDA:9,342,0,0
BRDA:9,342,1,0
BRDA:9,343,0,0
BRDA:9,343,1,0
BRDA:9,344,0,0
BRDA:9,344,1,0
BRDA:9,345,0,0
BRDA:9,345,1,20
BRDA:9,346,0,5
BRDA:9,346,1,15
BRDA:9,347,0,10
BRDA:9,347,1,96
BRDA:9,348,0,0
BRDA:9,348,1,96
BRDA:9,349,0,0
BRDA:9,349,1,3120
BRDA:9,350,0,0
BRDA:9,350,1,3120
BRDA:9,351,0,0
BRDA:9,351,1,0
BRDA:9,352,0,0
BRDA:9,352,1,0
BRDA:9,353,0,0
BRDA:9,353,1,0
BRDA:9,354,0,0
BRDA:9,354,1,0
BRDA:9,355,0,0
BRDA:9,355,1,1560
BRDA:9,356,0,0
BRDA:9,356,1,1560
BRDA:9,357,0,0
BRDA:9,357,1,1560
BRDA:9,358,0,0
BRDA:9,358,1,1560
BRDA:9,359,0,0
BRDA:9,359,1,1560
BRDA:9,360,0,0
BRDA:9,360,1,1560
BRDA:9,361,0,0
BRDA:9,361,1,0
BRDA:9,362,0,0
BRDA:9,362,1,0
BRDA:9,363,0,0
BRDA:9,363,1,1610
BRDA:9,364,0,0
BRDA:9,364,1,1610
BRDA:9,365,0,1575
BRDA:9,365,1,35
BRDA:9,366,0,1560
BRDA:9,366,1,50
BRDA:9,367,0,1560
BRDA:9,367,1,50
BRDA:9,368,0,1560
BRDA:9,368,1,50
BRDA:9,369,0,1560
BRDA:9,369,1,0
BRDA:9,370,0,0
BRDA:9,370,1,1560
BRDA:9,371,0,15
BRDA:9,371,1,1595
BRDA:9,372,0,15
BRDA:9,372,1,1580
BRDA:9,373,0,0
BRDA:9,373,1,1595
BRDA:9,374,0,1595
BRDA:9,374,1,0
BRDA:9,375,0,1595
BRDA:9,375,1,0
BRDA:9,376,0,0
BRDA:9,376,1,1595
BRDA:9,377,0,1560
BRDA:9,377,1,35
BRDA:9,378,0,1595
BRDA:9,378,1,1560
BRDA:9,379,0,15
BRDA:9,379,1,1580
BRDA:9,380,0,0
BRDA:9,380,1,1595
BRDA:9,381,0,1595
BRDA:9,381,1,0
BRDA:9,382,0,0
BRDA:9,382,1,0
BRDA:9,383,0,0
BRDA:9,383,1,0
BRDA:9,384,0,0
BRDA:9,384,1,1575
BRDA:9,385,0,0
BRDA:9,385,1,1575
BRDA:9,386,0,0
BRDA:9,386,1,1575
BRDA:9,387,0,0
BRDA:9,387,1,355
BRDA:9,388,0,0
BRDA:9,388,1,355
BRDA:9,389,0,355
BRDA:9,389,1,355
BRDA:9,390,0,0
BRDA:9,390,1,355
BRDA:9,391,0,355
BRDA:9,391,1,20
BRDA:9,391,2,20
BRDA:9,392,0,0
BRDA:9,392,1,520
BRDA:9,393,0,520
BRDA:9,393,1,520
BRDA:9,394,0,0
BRDA:9,394,1,520
BRDA:9,395,0,0
BRDA:9,395,1,520
BRDA:9,396,0,5
BRDA:9,396,1,515
BRDA:9,397,0,0
BRDA:9,397,1,515
BRDA:9,398,0,515
BRDA:9,398,1,0
BRDA:9,399,0,0
BRDA:9,399,1,0
BRDA:9,400,0,515
BRDA:9,400,1,0
BRDA:9,401,0,0
BRDA:9,401,1,1560
BRDA:9,402,0,1560
BRDA:9,402,1,1560
BRDA:9,403,0,0
BRDA:9,403,1,1560
BRDA:9,404,0,0
BRDA:9,404,1,1560
BRDA:9,405,0,0
BRDA:9,405,1,1560
BRDA:9,406,0,0
BRDA:9,406,1,1560
BRDA:9,407,0,0
BRDA:9,407,1,1560
BRDA:9,408,0,1560
BRDA:9,408,1,1560
BRDA:9,409,0,0
BRDA:9,409,1,1560
BRDA:9,410,0,0
BRDA:9,410,1,1560
BRDA:9,411,0,0
BRDA:9,411,1,1560
BRDA:9,412,0,0
BRDA:9,412,1,0
BRDA:9,413,0,0
BRDA:9,413,1,0
BRDA:9,414,0,0
BRDA:9,414,1,0
BRDA:9,415,0,0
BRDA:9,415,1,0
BRDA:9,416,0,0
BRDA:9,416,1,0
BRDA:9,417,0,0
BRDA:9,417,1,0
BRDA:9,418,0,0
BRDA:9,418,1,0
BRDA:9,419,0,0
BRDA:9,419,1,0
BRDA:9,420,0,0
BRDA:9,420,1,0
BRDA:9,420,2,0
BRDA:9,421,0,0
BRDA:9,421,1,0
BRDA:9,422,0,0
BRDA:9,422,1,0
BRDA:9,423,0,0
BRDA:9,423,1,0
BRDA:9,424,0,0
BRDA:9,424,1,0
BRDA:9,425,0,0
BRDA:9,425,1,0
BRDA:9,426,0,0
BRDA:9,427,0,0
BRDA:9,427,1,0
BRDA:9,428,0,0
BRDA:9,428,1,0
BRDA:9,429,0,0
BRDA:9,429,1,0
BRDA:9,430,0,0
BRDA:9,430,1,0
BRDA:9,431,0,0
BRDA:9,431,1,0
BRDA:9,432,0,0
BRDA:9,432,1,0
BRDA:9,433,0,0
BRDA:9,434,0,0
BRDA:9,434,1,0
BRDA:9,435,0,0
BRDA:9,435,1,0
BRDA:9,436,0,0
BRDA:9,436,1,0
BRDA:9,437,0,0
BRDA:9,437,1,0
BRDA:9,438,0,0
BRDA:9,438,1,0
BRDA:9,439,0,0
BRDA:9,439,1,0
BRDA:9,440,0,0
BRDA:9,440,1,0
BRDA:9,441,0,0
BRDA:9,441,1,5
BRDA:9,442,0,0
BRDA:9,442,1,5
BRDA:9,443,0,0
BRDA:9,443,1,5
BRDA:9,444,0,5
BRDA:9,444,1,5
BRDA:9,445,0,5
BRDA:9,445,1,5
BRDA:9,446,0,5
BRDA:9,446,1,5
BRDA:9,447,0,5
BRDA:9,447,1,5
BRDA:9,448,0,0
BRDA:9,448,1,0
BRDA:9,449,0,1570
BRDA:9,449,1,0
BRDA:9,450,0,1560
BRDA:9,450,1,10
BRDA:9,451,0,0
BRDA:9,451,1,0
BRDA:9,452,0,125
BRDA:9,452,1,0
BRDA:9,453,0,0
BRDA:9,453,1,125
BRDA:9,454,0,0
BRDA:9,454,1,0
BRDA:9,455,0,1560
BRDA:9,455,1,0
BRDA:9,456,0,1560
BRDA:9,456,1,0
BRDA:9,457,0,0
BRDA:9,457,1,1560
BRDA:9,458,0,1560
BRDA:9,458,1,0
BRDA:9,459,0,0
BRDA:9,459,1,1560
BRDA:9,460,0,10
BRDA:9,460,1,0
BRDA:9,461,0,5
BRDA:9,461,1,5
BRDA:9,462,0,0
BRDA:9,462,1,0
BRDA:9,463,0,0
BRDA:9,463,1,0
BRDA:9,463,2,0
BRDA:9,464,0,0
BRDA:9,464,1,0
BRDA:9,465,0,0
BRDA:9,465,1,0
BRDA:9,466,0,0
BRDA:9,466,1,0
BRDA:9,467,0,0
BRDA:9,467,1,0
BRDA:9,468,0,0
BRDA:9,468,1,0
BRDA:9,469,0,0
BRDA:9,469,1,0
BRDA:9,470,0,0
BRDA:9,470,1,0
BRDA:9,471,0,0
BRDA:9,471,1,0
BRDA:9,471,2,0
BRDA:9,471,3,0
BRDA:9,472,0,0
BRDA:9,472,1,0
BRDA:9,473,0,0
BRDA:9,473,1,0
BRDA:9,474,0,0
BRDA:9,474,1,0
BRDA:9,475,0,0
BRDA:9,475,1,0
BRDA:9,476,0,0
BRDA:9,476,1,0
BRDA:9,477,0,0
BRDA:9,477,1,0
BRDA:9,477,2,0
BRDA:9,478,0,0
BRDA:9,478,1,0
BRDA:9,479,0,0
BRDA:9,479,1,0
BRDA:9,480,0,0
BRDA:9,480,1,0
BRDA:9,481,0,0
BRDA:9,481,1,0
BRDA:9,482,0,0
BRDA:9,482,1,0
BRDA:9,483,0,0
BRDA:9,483,1,0
BRDA:9,484,0,0
BRDA:9,484,1,0
BRDA:9,485,0,0
BRDA:9,485,1,0
BRDA:9,486,0,0
BRDA:9,486,1,0
BRDA:9,486,2,0
BRDA:9,487,0,0
BRDA:9,487,1,0
BRDA:9,488,0,0
BRDA:9,488,1,0
BRDA:9,489,0,0
BRDA:9,489,1,0
BRDA:9,490,0,0
BRDA:9,490,1,0
BRDA:9,491,0,0
BRDA:9,491,1,0
BRDA:9,492,0,0
BRDA:9,492,1,0
BRDA:9,493,0,0
BRDA:9,493,1,0
BRDA:9,494,0,0
BRDA:9,494,1,0
BRDA:9,495,0,0
BRDA:9,495,1,0
BRDA:9,496,0,0
BRDA:9,496,1,0
BRDA:9,497,0,0
BRDA:9,497,1,0
BRDA:9,498,0,0
BRDA:9,498,1,0
BRDA:9,499,0,0
BRDA:9,499,1,0
BRDA:9,500,0,0
BRDA:9,500,1,0
BRDA:9,501,0,0
BRDA:9,501,1,0
BRDA:9,502,0,0
BRDA:9,502,1,0
BRDA:9,503,0,0
BRDA:9,503,1,0
BRDA:9,504,0,0
BRDA:9,504,1,0
BRDA:9,505,0,0
BRDA:9,505,1,0
BRDA:9,506,0,0
BRDA:9,506,1,0
BRDA:9,507,0,0
BRDA:9,507,1,0
BRDA:9,508,0,0
BRDA:9,508,1,0
BRDA:9,509,0,0
BRDA:9,509,1,0
BRDA:9,510,0,0
BRDA:9,510,1,0
BRDA:9,510,2,0
BRDA:9,510,3,0
BRDA:9,511,0,0
BRDA:9,511,1,0
BRDA:9,512,0,0
BRDA:9,512,1,0
BRDA:9,513,0,0
BRDA:9,513,1,0
BRDA:9,514,0,0
BRDA:9,514,1,0
BRDA:9,515,0,0
BRDA:9,515,1,0
BRDA:9,516,0,0
BRDA:9,516,1,0
BRDA:9,517,0,0
BRDA:9,517,1,0
BRDA:9,518,0,0
BRDA:9,518,1,0
BRDA:9,519,0,0
BRDA:9,519,1,0
BRDA:9,520,0,0
BRDA:9,520,1,0
BRDA:9,521,0,0
BRDA:9,521,1,0
BRDA:9,522,0,108
BRDA:9,522,1,20
BRDA:9,523,0,20
BRDA:9,523,1,0
BRDA:9,524,0,0
BRDA:9,524,1,20
BRDA:9,525,0,0
BRDA:9,525,1,0
BRDA:9,526,0,0
BRDA:9,526,1,299
BRDA:9,527,0,299
BRDA:9,527,1,299
BRDA:9,527,2,0
BRDA:9,528,0,96
BRDA:9,528,1,0
BRDA:9,529,0,96
BRDA:9,529,1,0
BRDA:9,530,0,96
BRDA:9,530,1,0
BRDA:9,531,0,96
BRDA:9,531,1,0
BRDA:9,532,0,96
BRDA:9,532,1,0
BRDA:9,533,0,96
BRDA:9,533,1,0
BRDA:9,534,0,96
BRDA:9,534,1,0
BRDA:9,535,0,96
BRDA:9,535,1,0
BRDA:9,536,0,96
BRDA:9,536,1,0
BRDA:9,537,0,96
BRDA:9,537,1,0
BRDA:9,538,0,0
BRDA:9,538,1,955
BRDA:9,539,0,0
BRDA:9,539,1,0
BRDA:9,540,0,0
BRDA:9,540,1,0
BRDA:9,541,0,0
BRDA:9,541,1,0
BRDA:9,542,0,0
BRDA:9,542,1,0
BRDA:9,543,0,0
BRDA:9,543,1,0
BRDA:9,544,0,0
BRDA:9,544,1,0
BRDA:9,545,0,0
BRDA:9,545,1,0
BRDA:9,546,0,0
BRDA:9,546,1,0
BRDA:9,547,0,0
BRDA:9,547,1,88
BRDA:9,548,0,0
BRDA:9,548,1,18
BRDA:9,549,0,18
BRDA:9,549,1,0
BRDA:9,550,0,0
BRDA:9,550,1,18
BRDA:9,551,0,0
BRDA:9,551,1,18
BRDA:9,552,0,0
BRDA:9,552,1,18
BRDA:9,553,0,18
BRDA:9,553,1,18
BRDA:9,554,0,0
BRDA:9,554,1,70
BRDA:9,555,0,70
BRDA:9,555,1,70
BRDA:9,556,0,0
BRDA:9,556,1,0
BRDA:9,556,2,20
BRDA:9,556,3,0
BRDA:9,556,4,0
BRDA:9,556,5,0
BRDA:9,556,6,0
BRDA:9,556,7,0
BRDA:9,556,8,0
BRDA:9,556,9,0
BRDA:9,556,10,0
BRDA:9,556,11,0
BRDA:9,557,0,0
BRDA:9,557,1,0
BRDA:9,558,0,0
BRDA:9,558,1,0
BRDA:9,559,0,0
BRDA:9,559,1,0
BRDA:9,560,0,0
BRDA:9,560,1,0
BRDA:9,561,0,0
BRDA:9,561,1,0
BRDA:9,562,0,355
BRDA:9,562,1,0
BRDA:9,563,0,0
BRDA:9,563,1,0
BRDA:9,564,0,0
BRDA:9,564,1,0
BRDA:9,565,0,0
BRDA:9,565,1,0
BRDA:9,566,0,0
BRDA:9,566,1,5
BRDA:9,567,0,0
BRDA:9,567,1,5
BRDA:9,568,0,0
BRDA:9,568,1,0
BRDA:9,569,0,0
BRDA:9,569,1,0
BRDA:9,570,0,0
BRDA:9,570,1,0
BRDA:9,571,0,0
BRDA:9,571,1,0
BRDA:9,572,0,0
BRDA:9,572,1,0
BRDA:9,573,0,0
BRDA:9,573,1,0
BRDA:9,574,0,0
BRDA:9,574,1,0
BRDA:9,575,0,0
BRDA:9,575,1,0
BRDA:9,576,0,0
BRDA:9,576,1,0
BRDA:9,577,0,0
BRDA:9,577,1,0
BRDA:9,578,0,0
BRDA:9,578,1,0
BRDA:9,579,0,0
BRDA:9,579,1,0
BRDA:9,580,0,0
BRDA:9,580,1,0
BRDA:9,581,0,0
BRDA:9,581,1,0
BRDA:9,582,0,0
BRDA:9,582,1,0
BRDA:9,583,0,0
BRDA:9,583,1,5
BRDA:9,583,2,0
BRDA:9,583,3,0
BRDA:9,583,4,0
BRDA:9,583,5,0
BRDA:9,583,6,0
BRDA:9,583,7,0
BRDA:9,583,8,0
BRDA:9,583,9,0
BRDA:9,583,10,0
BRDA:9,583,11,0
BRDA:9,583,12,0
BRDA:9,583,13,0
BRDA:9,584,0,0
BRDA:9,584,1,5
BRDA:9,585,0,0
BRDA:9,585,1,0
BRDA:9,586,0,0
BRDA:9,586,1,0
BRDA:9,587,0,0
BRDA:9,587,1,0
BRDA:9,588,0,0
BRDA:9,588,1,0
BRDA:9,589,0,0
BRDA:9,589,1,0
BRDA:9,590,0,0
BRDA:9,590,1,0
BRDA:9,591,0,0
BRDA:9,591,1,0
BRDA:9,592,0,0
BRDA:9,592,1,0
BRDA:9,593,0,0
BRDA:9,593,1,0
BRDA:9,594,0,0
BRDA:9,594,1,0
BRDA:9,595,0,0
BRDA:9,595,1,0
BRDA:9,596,0,0
BRDA:9,596,1,0
BRDA:9,597,0,0
BRDA:9,597,1,0
BRDA:9,598,0,0
BRDA:9,598,1,0
BRDA:9,599,0,0
BRDA:9,599,1,0
BRDA:9,600,0,35
BRDA:9,600,1,0
BRDA:9,601,0,0
BRDA:9,601,1,15
BRDA:9,602,0,15
BRDA:9,602,1,15
BRDA:9,603,0,0
BRDA:9,603,1,0
BRDA:9,604,0,0
BRDA:9,604,1,0
BRDA:9,605,0,0
BRDA:9,605,1,0
BRDA:9,606,0,0
BRDA:9,606,1,0
BRDA:9,607,0,0
BRDA:9,607,1,0
BRDA:9,608,0,0
BRDA:9,608,1,5
BRDA:9,609,0,0
BRDA:9,609,1,5
BRDA:9,610,0,5
BRDA:9,610,1,5
BRDA:9,611,0,0
BRDA:9,611,1,0
BRDA:9,612,0,0
BRDA:9,612,1,0
BRDA:9,613,0,0
BRDA:9,613,1,0
BRDA:9,614,0,0
BRDA:9,614,1,0
BRDA:9,615,0,0
BRDA:9,615,1,299
BRDA:9,616,0,299
BRDA:9,616,1,299
BRDA:9,617,0,0
BRDA:9,617,1,0
BRDA:9,618,0,0
BRDA:9,618,1,0
BRDA:9,619,0,0
BRDA:9,619,1,0
BRDA:9,620,0,0
BRDA:9,620,1,0
BRDA:9,621,0,0
BRDA:9,621,1,0
BRDA:9,622,0,0
BRDA:9,622,1,0
BRDA:9,623,0,0
BRDA:9,623,1,0
BRDA:9,624,0,0
BRDA:9,624,1,0
BRDA:9,625,0,0
BRDA:9,625,1,0
BRDA:9,626,0,0
BRDA:9,626,1,0
BRDA:9,627,0,0
BRDA:9,627,1,0
BRDA:9,628,0,0
BRDA:9,628,1,0
BRDA:9,629,0,12
BRDA:9,629,1,0
BRDA:9,630,0,10
BRDA:9,630,1,0
BRDA:9,631,0,0
BRDA:9,631,1,5
BRDA:9,632,0,0
BRDA:9,632,1,5
BRDA:9,633,0,0
BRDA:9,633,1,0
BRDA:9,634,0,5
BRDA:9,634,1,0
BRDA:9,635,0,0
BRDA:9,635,1,0
BRDA:9,636,0,0
BRDA:9,636,1,0
BRDA:9,637,0,5
BRDA:9,637,1,0
BRDA:9,638,0,5
BRDA:9,638,1,5
BRDA:9,639,0,5
BRDA:9,639,1,0
BRDA:9,639,2,0
BRDA:9,639,3,5
BRDA:9,640,0,0
BRDA:9,640,1,0
BRDA:9,641,0,35
BRDA:9,641,1,0
BRDA:9,642,0,0
BRDA:9,642,1,0
BRDA:9,643,0,0
BRDA:9,643,1,0
BRDA:9,644,0,0
BRDA:9,644,1,0
BRDA:9,645,0,0
BRDA:9,645,1,0
BRDA:9,646,0,0
BRDA:9,646,1,0
BRDA:9,647,0,20
BRDA:9,647,1,20
BRDA:9,648,0,0
BRDA:9,648,1,20
BRDA:9,649,0,0
BRDA:9,649,1,20
BRDA:9,650,0,0
BRDA:9,650,1,0
BRDA:9,651,0,0
BRDA:9,651,1,0
BRDA:9,652,0,0
BRDA:9,652,1,515
BRDA:9,653,0,43
BRDA:9,653,1,472
BRDA:9,654,0,0
BRDA:9,654,1,5
BRDA:9,655,0,5
BRDA:9,655,1,5
BRDA:9,656,0,0
BRDA:9,656,1,355
BRDA:9,657,0,335
BRDA:9,657,1,20
BRDA:9,658,0,335
BRDA:9,658,1,0
BRDA:9,659,0,0
BRDA:9,659,1,355
BRDA:9,660,0,355
BRDA:9,660,1,0
BRDA:9,660,2,0
BRDA:9,661,0,0
BRDA:9,661,1,0
BRDA:9,662,0,0
BRDA:9,662,1,0
BRDA:9,663,0,0
BRDA:9,663,1,0
BRDA:9,664,0,0
BRDA:9,664,1,0
BRDA:9,665,0,0
BRDA:9,665,1,0
BRDA:9,666,0,0
BRDA:9,666,1,0
BRDA:9,666,2,0
BRDA:9,667,0,0
BRDA:9,667,1,0
BRDA:9,668,0,0
BRDA:9,668,1,0
BRDA:9,669,0,0
BRDA:9,669,1,0
BRDA:9,670,0,0
BRDA:9,670,1,0
BRDA:9,671,0,0
BRDA:9,671,1,0
BRDA:9,672,0,0
BRDA:9,672,1,0
BRDA:9,673,0,0
BRDA:9,673,1,0
BRDA:9,674,0,0
BRDA:9,674,1,0
BRDA:9,675,0,0
BRDA:9,675,1,0
BRDA:9,676,0,0
BRDA:9,676,1,0
BRDA:9,677,0,0
BRDA:9,677,1,0
BRDA:9,677,2,0
BRDA:9,677,3,0
BRDA:9,677,4,0
BRDA:9,677,5,0
BRDA:9,677,6,0
BRDA:9,678,0,0
BRDA:9,678,1,0
BRDA:9,679,0,0
BRDA:9,679,1,0
BRDA:9,680,0,0
BRDA:9,680,1,0
BRDA:9,681,0,0
BRDA:9,681,1,0
BRDA:9,682,0,0
BRDA:9,682,1,0
BRDA:9,683,0,0
BRDA:9,683,1,0
BRDA:9,684,0,0
BRDA:9,684,1,0
BRDA:9,685,0,0
BRDA:9,685,1,0
BRDA:9,686,0,0
BRDA:9,686,1,0
BRDA:9,687,0,0
BRDA:9,687,1,0
BRDA:9,688,0,0
BRDA:9,688,1,0
BRDA:9,689,0,0
BRDA:9,689,1,0
BRDA:9,689,2,0
BRDA:9,690,0,0
BRDA:9,690,1,0
BRDA:9,691,0,0
BRDA:9,691,1,0
BRDA:9,692,0,0
BRDA:9,692,1,0
BRDA:9,692,2,0
BRDA:9,693,0,0
BRDA:9,693,1,0
BRDA:9,694,0,0
BRDA:9,694,1,0
BRDA:9,695,0,0
BRDA:9,695,1,0
BRDA:9,696,0,0
BRDA:9,696,1,10
BRDA:9,697,0,0
BRDA:9,697,1,10
BRDA:9,698,0,10
BRDA:9,698,1,10
BRDA:9,699,0,6
BRDA:9,699,1,0
BRDA:9,700,0,6
BRDA:9,700,1,6
BRDA:9,700,2,6
BRDA:9,701,0,0
BRDA:9,701,1,6
BRDA:9,702,0,0
BRDA:9,702,1,6
BRDA:9,703,0,6
BRDA:9,703,1,0
BRDA:9,704,0,6
BRDA:9,704,1,15
BRDA:9,705,0,6
BRDA:9,705,1,0
BRDA:9,706,0,6
BRDA:9,706,1,0
BRDA:9,707,0,285
BRDA:9,707,1,0
BRDA:9,708,0,480
BRDA:9,708,1,10
BRDA:9,709,0,275
BRDA:9,709,1,10
BRDA:9,710,0,285
BRDA:9,710,1,285
BRDA:9,710,2,275
BRDA:9,711,0,5
BRDA:9,711,1,1775
BRDA:9,712,0,0
BRDA:9,712,1,0
BRDA:9,713,0,0
BRDA:9,713,1,0
BRDA:9,714,0,0
BRDA:9,714,1,0
BRDA:9,715,0,0
BRDA:9,715,1,0
BRDA:9,716,0,0
BRDA:9,716,1,0
BRDA:9,717,0,0
BRDA:9,717,1,0
BRDA:9,718,0,0
BRDA:9,718,1,0
BRDA:9,719,0,0
BRDA:9,719,1,0
BRDA:9,720,0,0
BRDA:9,720,1,0
BRDA:9,721,0,0
BRDA:9,721,1,0
BRDA:9,722,0,0
BRDA:9,722,1,0
BRDA:9,723,0,0
BRDA:9,723,1,0
BRDA:9,724,0,0
BRDA:9,724,1,0
BRDA:9,725,0,0
BRDA:9,725,1,0
BRDA:9,726,0,0
BRDA:9,726,1,0
BRDA:9,727,0,0
BRDA:9,727,1,0
BRDA:9,728,0,0
BRDA:9,728,1,0
BRDA:9,729,0,0
BRDA:9,729,1,0
BRDA:9,730,0,0
BRDA:9,730,1,0
BRDA:9,731,0,0
BRDA:9,731,1,0
BRDA:9,732,0,0
BRDA:9,732,1,0
BRDA:9,733,0,9
BRDA:9,733,1,0
BRDA:9,734,0,4
BRDA:9,734,1,5
BRDA:9,735,0,14
BRDA:9,735,1,14
BRDA:9,736,0,5
BRDA:9,736,1,9
BRDA:9,737,0,4
BRDA:9,737,1,5
BRDA:9,738,0,0
BRDA:9,738,1,5
BRDA:9,739,0,0
BRDA:9,739,1,5
BRDA:9,740,0,5
BRDA:9,740,1,0
BRDA:9,741,0,0
BRDA:9,741,1,5
BRDA:9,742,0,0
BRDA:9,742,1,5
BRDA:9,743,0,0
BRDA:9,743,1,0
BRDA:9,744,0,5
BRDA:9,744,1,0
BRDA:9,745,0,0
BRDA:9,745,1,5
BRDA:9,746,0,5
BRDA:9,746,1,5
BRDA:9,747,0,5
BRDA:9,747,1,0
BRDA:9,748,0,0
BRDA:9,748,1,5
BRDA:9,749,0,5
BRDA:9,749,1,0
BRDA:9,750,0,0
BRDA:9,750,1,5
BRDA:9,751,0,5
BRDA:9,751,1,0
BRDA:9,752,0,0
BRDA:9,752,1,5
BRDA:9,753,0,1
BRDA:9,753,1,0
BRDA:9,754,0,0
BRDA:9,754,1,1
BRDA:9,755,0,1
BRDA:9,755,1,0
BRDA:9,756,0,0
BRDA:9,756,1,1
BRDA:9,757,0,1
BRDA:9,757,1,1
BRDA:9,758,0,0
BRDA:9,758,1,0
BRDA:9,759,0,0
BRDA:9,759,1,0
BRDA:9,760,0,0
BRDA:9,760,1,1
BRDA:9,761,0,1
BRDA:9,761,1,0
BRDA:9,762,0,0
BRDA:9,762,1,1
BRDA:9,763,0,0
BRDA:9,763,1,1
BRDA:9,764,0,0
BRDA:9,764,1,0
BRDA:9,764,2,0
BRDA:9,764,3,1
BRDA:9,764,4,0
BRDA:9,765,0,0
BRDA:9,765,1,0
BRDA:9,766,0,1
BRDA:9,766,1,0
BRDA:9,767,0,0
BRDA:9,767,1,0
BRDA:9,768,0,1
BRDA:9,768,1,0
BRDA:9,769,0,1
BRDA:9,769,1,0
BRDA:9,770,0,0
BRDA:9,770,1,1
BRDA:9,771,0,0
BRDA:9,771,1,1
BRDA:9,772,0,1
BRDA:9,772,1,0
BRDA:9,773,0,1
BRDA:9,773,1,1
BRDA:9,774,0,1
BRDA:9,774,1,1
BRDA:9,775,0,0
BRDA:9,775,1,0
BRDA:9,775,2,0
BRDA:9,775,3,0
BRDA:9,776,0,0
BRDA:9,776,1,0
BRDA:9,777,0,0
BRDA:9,777,1,0
BRDA:9,778,0,0
BRDA:9,778,1,0
BRDA:9,779,0,0
BRDA:9,779,1,0
BRDA:9,780,0,0
BRDA:9,780,1,0
BRDA:9,781,0,0
BRDA:9,781,1,0
BRDA:9,782,0,0
BRDA:9,782,1,0
BRDA:9,783,0,0
BRDA:9,783,1,0
BRDA:9,784,0,1
BRDA:9,784,1,1
BRDA:9,785,0,0
BRDA:9,785,1,0
BRDA:9,786,0,0
BRDA:9,786,1,0
BRDA:9,787,0,0
BRDA:9,787,1,0
BRDA:9,788,0,0
BRDA:9,788,1,0
BRDA:9,789,0,0
BRDA:9,789,1,0
BRDA:9,790,0,0
BRDA:9,790,1,0
BRDA:9,791,0,0
BRDA:9,791,1,0
BRDA:9,792,0,0
BRDA:9,792,1,0
BRDA:9,793,0,0
BRDA:9,793,1,0
BRDA:9,794,0,0
BRDA:9,794,1,0
BRDA:9,794,2,3
BRDA:9,794,3,0
BRDA:9,794,4,0
BRDA:9,794,5,0
BRDA:9,794,6,0
BRDA:9,794,7,0
BRDA:9,794,8,0
BRDA:9,794,9,0
BRDA:9,794,10,1
BRDA:9,794,11,0
BRDA:9,795,0,0
BRDA:9,795,1,0
BRDA:9,796,0,0
BRDA:9,796,1,0
BRDA:9,797,0,0
BRDA:9,797,1,0
BRDA:9,798,0,0
BRDA:9,798,1,0
BRDA:9,799,0,1
BRDA:9,799,1,0
BRDA:9,800,0,1
BRDA:9,800,1,1
BRDA:9,801,0,1
BRDA:9,801,1,1
BRDA:9,802,0,1
BRDA:9,802,1,0
BRDA:9,803,0,0
BRDA:9,803,1,0
BRDA:9,803,2,0
BRDA:9,803,3,0
BRDA:9,803,4,1
BRDA:9,803,5,0
BRDA:9,804,0,0
BRDA:9,804,1,0
BRDA:9,805,0,0
BRDA:9,805,1,0
BRDA:9,806,0,0
BRDA:9,806,1,1
BRDA:9,807,0,0
BRDA:9,807,1,1
BRDA:9,808,0,0
BRDA:9,808,1,1
BRDA:9,809,0,0
BRDA:9,809,1,0
BRDA:9,809,2,0
BRDA:9,810,0,0
BRDA:9,810,1,0
BRDA:9,811,0,0
BRDA:9,811,1,0
BRDA:9,812,0,0
BRDA:9,812,1,0
BRDA:9,813,0,0
BRDA:9,813,1,0
BRDA:9,814,0,0
BRDA:9,814,1,0
BRDA:9,815,0,0
BRDA:9,815,1,0
BRDA:9,816,0,0
BRDA:9,816,1,0
BRDA:9,817,0,0
BRDA:9,817,1,1
BRDA:9,818,0,0
BRDA:9,818,1,0
BRDA:9,819,0,0
BRDA:9,819,1,0
BRDA:9,820,0,1
BRDA:9,820,1,0
BRDA:9,821,0,1
BRDA:9,821,1,1
BRDA:9,822,0,3
BRDA:9,822,1,3
BRDA:9,823,0,3
BRDA:9,823,1,0
BRDA:9,824,0,6
BRDA:9,824,1,2
BRDA:9,825,0,0
BRDA:9,825,1,0
BRDA:9,826,0,0
BRDA:9,826,1,0
BRDA:9,827,0,0
BRDA:9,827,1,0
BRDA:9,828,0,0
BRDA:9,828,1,0
BRDA:9,829,0,0
BRDA:9,829,1,0
BRDA:9,829,2,0
BRDA:9,829,3,0
BRDA:9,829,4,0
BRDA:9,829,5,0
BRDA:9,830,0,0
BRDA:9,830,1,0
BRDA:9,831,0,0
BRDA:9,831,1,0
BRDA:9,832,0,0
BRDA:9,832,1,0
BRDA:9,833,0,0
BRDA:9,833,1,0
BRDA:9,834,0,0
BRDA:9,834,1,5
BRDA:9,835,0,0
BRDA:9,835,1,0
BRDA:9,836,0,0
BRDA:9,836,1,0
BRDA:9,837,0,0
BRDA:9,837,1,0
BRDA:16,838,0,2
BRDA:16,838,1,0
BRDA:16,839,0,2
BRDA:16,839,1,2
BRDA:18,840,0,0
BRDA:18,840,1,0
BRDA:18,841,0,0
BRDA:18,841,1,0
BRDA:20,842,0,0
BRDA:20,842,1,0
BRF:1778
BRH:532
end_of_record
